13:56:09,609 DEBUG PreCaptureProperties:96 - Opening properties file: /Users/timbernhard/Privat/Programming/OpenSource-Contributions/PreCapture_ETH/PreCapture.properties
13:56:09,634 ERROR PreCaptureApp:111 - Unable to load field mappings.  JAXBException. 
You may be missing @XmlRootElement(name=FieldMapping) from MappingList.java. 
The xml document you selected might not be valid.
13:56:09,635 ERROR PreCaptureApp:112 - Implementation of JAXB-API has not been found on module path or classpath.
13:57:41,758 DEBUG PreCaptureProperties:96 - Opening properties file: /Users/timbernhard/Privat/Programming/OpenSource-Contributions/PreCapture_ETH/PreCapture.properties
13:57:41,779 ERROR PreCaptureApp:112 - Unable to load field mappings. JAXBException: Implementation of JAXB-API has not been found on module path or classpath.
13:57:41,779 ERROR PreCaptureApp:113 - javax.xml.bind.JAXBException: Implementation of JAXB-API has not been found on module path or classpath.
 - with linked exception:
[java.lang.ClassNotFoundException: com.sun.xml.internal.bind.v2.ContextFactory]
14:03:37,082 DEBUG PreCaptureProperties:96 - Opening properties file: /Users/timbernhard/Privat/Programming/OpenSource-Contributions/PreCapture_ETH/PreCapture.properties
14:03:37,255 DEBUG PreCaptureApp:291 - Loaded field mappings: ETHZ Entomology 1.0
14:03:37,273 DEBUG PreCaptureApp:135 - Available print format definitions:
14:03:37,274 DEBUG PreCaptureApp:143 - Full Sheet 8.5x11
14:03:37,274 DEBUG PreCaptureApp:143 - Two Half Sheets on 8.5x11
14:03:37,274 DEBUG PreCaptureApp:143 - Half Sheet 4.25x11 Custom
14:03:37,274 DEBUG PreCaptureApp:143 - Multiple 2.5x4 slips on 8.5x11
14:03:37,274 DEBUG PreCaptureApp:143 - Multiple 1.5x3 slips on 8.5x11
14:03:37,274 DEBUG PreCaptureApp:141 - Multiple 1.5x3 slips on 8.5x11 Larger *
14:03:37,274 DEBUG PreCaptureApp:143 - 2.3x4" Dymo LabelWriter
14:03:37,274 DEBUG PreCaptureApp:143 - 4x2.3"Label
14:03:37,313  INFO Environment:543 - Hibernate 3.3.1.GA
14:03:37,315  INFO Environment:576 - hibernate.properties not found
14:03:37,317  INFO Environment:709 - Bytecode provider name : javassist
14:03:37,320  INFO Environment:627 - using JDK 1.4 java.sql.Timestamp handling
14:03:37,342  INFO Configuration:1460 - configuring from resource: /hibernate.cfg.xml
14:03:37,342  INFO Configuration:1437 - Configuration resource: /hibernate.cfg.xml
14:03:37,373  INFO Configuration:586 - Reading mappings from resource : edu/harvard/mcz/precapture/data/Inventory.hbm.xml
14:03:37,404  INFO HbmBinder:322 - Mapping class: edu.harvard.mcz.precapture.data.Inventory -> INVENTORY
14:03:37,409  INFO Configuration:586 - Reading mappings from resource : edu/harvard/mcz/precapture/data/UnitTrayLabel.hbm.xml
14:03:37,419  INFO HbmBinder:322 - Mapping class: edu.harvard.mcz.precapture.data.UnitTrayLabel -> UNIT_TRAY_LABEL
14:03:37,419  INFO Configuration:1575 - Configured SessionFactory: null
14:03:37,446  INFO DriverManagerConnectionProvider:64 - Using Hibernate built-in connection pool (not for production use!)
14:03:37,447  INFO DriverManagerConnectionProvider:65 - Hibernate connection pool size: 1
14:03:37,447  INFO DriverManagerConnectionProvider:68 - autocommit mode: false
14:03:37,450  INFO DriverManagerConnectionProvider:103 - using driver: org.h2.Driver at URL: jdbc:h2:PRECAPTURE2;INIT=create schema IF NOT EXISTS precapture
14:03:37,450  INFO DriverManagerConnectionProvider:109 - connection properties: {password=****, user=sa}
14:03:37,500  WARN SettingsFactory:144 - Could not obtain connection metadata
org.h2.jdbc.JdbcSQLNonTransientConnectionException: A file path that is implicitly relative to the current working directory is not allowed in the database URL "jdbc:h2:PRECAPTURE2;INIT=create schema IF NOT EXISTS precapture". Use an absolute path, ~/name, ./name, or the baseDir setting instead. [90011-200]
	at org.h2.message.DbException.getJdbcSQLException(DbException.java:622)
	at org.h2.message.DbException.getJdbcSQLException(DbException.java:429)
	at org.h2.message.DbException.get(DbException.java:205)
	at org.h2.message.DbException.get(DbException.java:181)
	at org.h2.engine.ConnectionInfo.getName(ConnectionInfo.java:396)
	at org.h2.engine.Engine.openSession(Engine.java:50)
	at org.h2.engine.Engine.openSession(Engine.java:192)
	at org.h2.engine.Engine.createSessionAndValidate(Engine.java:171)
	at org.h2.engine.Engine.createSession(Engine.java:166)
	at org.h2.engine.Engine.createSession(Engine.java:29)
	at org.h2.engine.SessionRemote.connectEmbeddedOrServer(SessionRemote.java:340)
	at org.h2.jdbc.JdbcConnection.<init>(JdbcConnection.java:173)
	at org.h2.jdbc.JdbcConnection.<init>(JdbcConnection.java:152)
	at org.h2.Driver.connect(Driver.java:69)
	at java.sql/java.sql.DriverManager.getConnection(DriverManager.java:677)
	at java.sql/java.sql.DriverManager.getConnection(DriverManager.java:189)
	at org.hibernate.connection.DriverManagerConnectionProvider.getConnection(DriverManagerConnectionProvider.java:133)
	at org.hibernate.cfg.SettingsFactory.buildSettings(SettingsFactory.java:111)
	at org.hibernate.cfg.Configuration.buildSettings(Configuration.java:2101)
	at org.hibernate.cfg.Configuration.buildSessionFactory(Configuration.java:1325)
	at edu.harvard.mcz.precapture.data.HibernateUtil.createSessionFactory(HibernateUtil.java:51)
	at edu.harvard.mcz.precapture.data.HibernateUtil.getSessionFactory(HibernateUtil.java:186)
	at edu.harvard.mcz.precapture.PreCaptureApp.main(PreCaptureApp.java:175)
14:03:37,508  INFO Dialect:175 - Using dialect: org.hibernate.dialect.H2Dialect
14:03:37,511  INFO TransactionFactoryFactory:59 - Using default transaction strategy (direct JDBC transactions)
14:03:37,511  INFO TransactionManagerLookupFactory:80 - No TransactionManagerLookup configured (in JTA environment, use of read-write or transactional second-level cache is not recommended)
14:03:37,512  INFO SettingsFactory:170 - Automatic flush during beforeCompletion(): disabled
14:03:37,512  INFO SettingsFactory:174 - Automatic session close at end of transaction: disabled
14:03:37,512  INFO SettingsFactory:189 - Scrollable result sets: disabled
14:03:37,512  INFO SettingsFactory:197 - JDBC3 getGeneratedKeys(): disabled
14:03:37,512  INFO SettingsFactory:205 - Connection release mode: auto
14:03:37,513  INFO SettingsFactory:223 - Default schema: PUBLIC
14:03:37,513  INFO SettingsFactory:232 - Default batch fetch size: 1
14:03:37,514  INFO SettingsFactory:236 - Generate SQL with comments: disabled
14:03:37,514  INFO SettingsFactory:240 - Order SQL updates by primary key: disabled
14:03:37,515  INFO SettingsFactory:244 - Order SQL inserts for batching: disabled
14:03:37,515  INFO SettingsFactory:420 - Query translator: org.hibernate.hql.ast.ASTQueryTranslatorFactory
14:03:37,516  INFO ASTQueryTranslatorFactory:47 - Using ASTQueryTranslatorFactory
14:03:37,516  INFO SettingsFactory:252 - Query language substitutions: {}
14:03:37,516  INFO SettingsFactory:257 - JPA-QL strict compliance: disabled
14:03:37,516  INFO SettingsFactory:262 - Second-level cache: enabled
14:03:37,516  INFO SettingsFactory:266 - Query cache: disabled
14:03:37,516  INFO SettingsFactory:405 - Cache region factory : org.hibernate.cache.impl.NoCachingRegionFactory
14:03:37,516  INFO SettingsFactory:276 - Optimize cache for minimal puts: disabled
14:03:37,516  INFO SettingsFactory:285 - Structured second-level cache entries: disabled
14:03:37,518  INFO SettingsFactory:305 - Echoing all SQL to stdout
14:03:37,518  INFO SettingsFactory:314 - Statistics: disabled
14:03:37,519  INFO SettingsFactory:318 - Deleted entity synthetic identifier rollback: disabled
14:03:37,519  INFO SettingsFactory:333 - Default entity-mode: pojo
14:03:37,519  INFO SettingsFactory:337 - Named query checking : enabled
14:03:42,578  INFO SessionFactoryImpl:187 - building session factory
14:03:42,642  INFO SessionFactoryObjectFactory:105 - Not binding factory to JNDI, no JNDI name configured
14:03:42,681  WARN JDBCExceptionReporter:100 - SQL Error: 90011, SQLState: 90011
14:03:42,682 ERROR JDBCExceptionReporter:101 - A file path that is implicitly relative to the current working directory is not allowed in the database URL "jdbc:h2:PRECAPTURE2;INIT=create schema IF NOT EXISTS precapture". Use an absolute path, ~/name, ./name, or the baseDir setting instead. [90011-200]
14:03:42,682 ERROR PreCaptureApp:254 - Cannot open connection
14:03:42,682 ERROR PreCaptureApp:257 - A file path that is implicitly relative to the current working directory is not allowed in the database URL "jdbc:h2:PRECAPTURE2;INIT=create schema IF NOT EXISTS precapture". Use an absolute path, ~/name, ./name, or the baseDir setting instead. [90011-200]
14:07:53,749 DEBUG PreCaptureProperties:96 - Opening properties file: /Users/timbernhard/Privat/Programming/OpenSource-Contributions/PreCapture_ETH/PreCapture.properties
14:07:53,920 DEBUG PreCaptureApp:291 - Loaded field mappings: ETHZ Entomology 1.0
14:07:53,937 DEBUG PreCaptureApp:135 - Available print format definitions:
14:07:53,937 DEBUG PreCaptureApp:143 - Full Sheet 8.5x11
14:07:53,938 DEBUG PreCaptureApp:143 - Two Half Sheets on 8.5x11
14:07:53,938 DEBUG PreCaptureApp:143 - Half Sheet 4.25x11 Custom
14:07:53,938 DEBUG PreCaptureApp:143 - Multiple 2.5x4 slips on 8.5x11
14:07:53,938 DEBUG PreCaptureApp:143 - Multiple 1.5x3 slips on 8.5x11
14:07:53,938 DEBUG PreCaptureApp:141 - Multiple 1.5x3 slips on 8.5x11 Larger *
14:07:53,938 DEBUG PreCaptureApp:143 - 2.3x4" Dymo LabelWriter
14:07:53,938 DEBUG PreCaptureApp:143 - 4x2.3"Label
14:07:53,977  INFO Environment:543 - Hibernate 3.3.1.GA
14:07:53,978  INFO Environment:576 - hibernate.properties not found
14:07:53,980  INFO Environment:709 - Bytecode provider name : javassist
14:07:53,983  INFO Environment:627 - using JDK 1.4 java.sql.Timestamp handling
14:07:54,001  INFO Configuration:1460 - configuring from resource: /hibernate.cfg.xml
14:07:54,001  INFO Configuration:1437 - Configuration resource: /hibernate.cfg.xml
14:07:54,027  INFO Configuration:586 - Reading mappings from resource : edu/harvard/mcz/precapture/data/Inventory.hbm.xml
14:07:54,053  INFO HbmBinder:322 - Mapping class: edu.harvard.mcz.precapture.data.Inventory -> INVENTORY
14:07:54,058  INFO Configuration:586 - Reading mappings from resource : edu/harvard/mcz/precapture/data/UnitTrayLabel.hbm.xml
14:07:54,068  INFO HbmBinder:322 - Mapping class: edu.harvard.mcz.precapture.data.UnitTrayLabel -> UNIT_TRAY_LABEL
14:07:54,069  INFO Configuration:1575 - Configured SessionFactory: null
14:07:54,093  INFO DriverManagerConnectionProvider:64 - Using Hibernate built-in connection pool (not for production use!)
14:07:54,094  INFO DriverManagerConnectionProvider:65 - Hibernate connection pool size: 1
14:07:54,094  INFO DriverManagerConnectionProvider:68 - autocommit mode: false
14:07:54,096  INFO DriverManagerConnectionProvider:103 - using driver: org.h2.Driver at URL: jdbc:h2:PRECAPTURE2;INIT=create schema IF NOT EXISTS precapture
14:07:54,096  INFO DriverManagerConnectionProvider:109 - connection properties: {password=****, user=sa}
14:07:54,136  WARN SettingsFactory:144 - Could not obtain connection metadata
org.h2.jdbc.JdbcSQLNonTransientConnectionException: A file path that is implicitly relative to the current working directory is not allowed in the database URL "jdbc:h2:PRECAPTURE2;INIT=create schema IF NOT EXISTS precapture". Use an absolute path, ~/name, ./name, or the baseDir setting instead. [90011-200]
	at org.h2.message.DbException.getJdbcSQLException(DbException.java:622)
	at org.h2.message.DbException.getJdbcSQLException(DbException.java:429)
	at org.h2.message.DbException.get(DbException.java:205)
	at org.h2.message.DbException.get(DbException.java:181)
	at org.h2.engine.ConnectionInfo.getName(ConnectionInfo.java:396)
	at org.h2.engine.Engine.openSession(Engine.java:50)
	at org.h2.engine.Engine.openSession(Engine.java:192)
	at org.h2.engine.Engine.createSessionAndValidate(Engine.java:171)
	at org.h2.engine.Engine.createSession(Engine.java:166)
	at org.h2.engine.Engine.createSession(Engine.java:29)
	at org.h2.engine.SessionRemote.connectEmbeddedOrServer(SessionRemote.java:340)
	at org.h2.jdbc.JdbcConnection.<init>(JdbcConnection.java:173)
	at org.h2.jdbc.JdbcConnection.<init>(JdbcConnection.java:152)
	at org.h2.Driver.connect(Driver.java:69)
	at java.sql/java.sql.DriverManager.getConnection(DriverManager.java:677)
	at java.sql/java.sql.DriverManager.getConnection(DriverManager.java:189)
	at org.hibernate.connection.DriverManagerConnectionProvider.getConnection(DriverManagerConnectionProvider.java:133)
	at org.hibernate.cfg.SettingsFactory.buildSettings(SettingsFactory.java:111)
	at org.hibernate.cfg.Configuration.buildSettings(Configuration.java:2101)
	at org.hibernate.cfg.Configuration.buildSessionFactory(Configuration.java:1325)
	at edu.harvard.mcz.precapture.data.HibernateUtil.createSessionFactory(HibernateUtil.java:51)
	at edu.harvard.mcz.precapture.data.HibernateUtil.getSessionFactory(HibernateUtil.java:186)
	at edu.harvard.mcz.precapture.PreCaptureApp.main(PreCaptureApp.java:175)
14:07:54,143  INFO Dialect:175 - Using dialect: org.hibernate.dialect.H2Dialect
14:07:54,146  INFO TransactionFactoryFactory:59 - Using default transaction strategy (direct JDBC transactions)
14:07:54,146  INFO TransactionManagerLookupFactory:80 - No TransactionManagerLookup configured (in JTA environment, use of read-write or transactional second-level cache is not recommended)
14:07:54,146  INFO SettingsFactory:170 - Automatic flush during beforeCompletion(): disabled
14:07:54,146  INFO SettingsFactory:174 - Automatic session close at end of transaction: disabled
14:07:54,147  INFO SettingsFactory:189 - Scrollable result sets: disabled
14:07:54,147  INFO SettingsFactory:197 - JDBC3 getGeneratedKeys(): disabled
14:07:54,147  INFO SettingsFactory:205 - Connection release mode: auto
14:07:54,147  INFO SettingsFactory:223 - Default schema: PUBLIC
14:07:54,147  INFO SettingsFactory:232 - Default batch fetch size: 1
14:07:54,148  INFO SettingsFactory:236 - Generate SQL with comments: disabled
14:07:54,148  INFO SettingsFactory:240 - Order SQL updates by primary key: disabled
14:07:54,148  INFO SettingsFactory:244 - Order SQL inserts for batching: disabled
14:07:54,148  INFO SettingsFactory:420 - Query translator: org.hibernate.hql.ast.ASTQueryTranslatorFactory
14:07:54,149  INFO ASTQueryTranslatorFactory:47 - Using ASTQueryTranslatorFactory
14:07:54,150  INFO SettingsFactory:252 - Query language substitutions: {}
14:07:54,150  INFO SettingsFactory:257 - JPA-QL strict compliance: disabled
14:07:54,150  INFO SettingsFactory:262 - Second-level cache: enabled
14:07:54,150  INFO SettingsFactory:266 - Query cache: disabled
14:07:54,150  INFO SettingsFactory:405 - Cache region factory : org.hibernate.cache.impl.NoCachingRegionFactory
14:07:54,151  INFO SettingsFactory:276 - Optimize cache for minimal puts: disabled
14:07:54,151  INFO SettingsFactory:285 - Structured second-level cache entries: disabled
14:07:54,152  INFO SettingsFactory:305 - Echoing all SQL to stdout
14:07:54,152  INFO SettingsFactory:314 - Statistics: disabled
14:07:54,152  INFO SettingsFactory:318 - Deleted entity synthetic identifier rollback: disabled
14:07:54,152  INFO SettingsFactory:333 - Default entity-mode: pojo
14:07:54,153  INFO SettingsFactory:337 - Named query checking : enabled
14:07:59,209  INFO SessionFactoryImpl:187 - building session factory
14:07:59,283  INFO SessionFactoryObjectFactory:105 - Not binding factory to JNDI, no JNDI name configured
14:07:59,330  WARN JDBCExceptionReporter:100 - SQL Error: 90011, SQLState: 90011
14:07:59,331 ERROR JDBCExceptionReporter:101 - A file path that is implicitly relative to the current working directory is not allowed in the database URL "jdbc:h2:PRECAPTURE2;INIT=create schema IF NOT EXISTS precapture". Use an absolute path, ~/name, ./name, or the baseDir setting instead. [90011-200]
14:07:59,331 ERROR PreCaptureApp:254 - Cannot open connection
14:07:59,331 ERROR PreCaptureApp:257 - A file path that is implicitly relative to the current working directory is not allowed in the database URL "jdbc:h2:PRECAPTURE2;INIT=create schema IF NOT EXISTS precapture". Use an absolute path, ~/name, ./name, or the baseDir setting instead. [90011-200]
14:14:36,091 DEBUG PreCaptureProperties:96 - Opening properties file: /Users/timbernhard/Privat/Programming/OpenSource-Contributions/PreCapture_ETH/PreCapture.properties
14:14:36,292 DEBUG PreCaptureApp:291 - Loaded field mappings: ETHZ Entomology 1.0
14:14:36,309 DEBUG PreCaptureApp:135 - Available print format definitions:
14:14:36,309 DEBUG PreCaptureApp:143 - Full Sheet 8.5x11
14:14:36,309 DEBUG PreCaptureApp:143 - Two Half Sheets on 8.5x11
14:14:36,309 DEBUG PreCaptureApp:143 - Half Sheet 4.25x11 Custom
14:14:36,309 DEBUG PreCaptureApp:143 - Multiple 2.5x4 slips on 8.5x11
14:14:36,310 DEBUG PreCaptureApp:143 - Multiple 1.5x3 slips on 8.5x11
14:14:36,310 DEBUG PreCaptureApp:141 - Multiple 1.5x3 slips on 8.5x11 Larger *
14:14:36,310 DEBUG PreCaptureApp:143 - 2.3x4" Dymo LabelWriter
14:14:36,310 DEBUG PreCaptureApp:143 - 4x2.3"Label
14:14:36,345  INFO Environment:543 - Hibernate 3.3.1.GA
14:14:36,346  INFO Environment:576 - hibernate.properties not found
14:14:36,348  INFO Environment:709 - Bytecode provider name : javassist
14:14:36,351  INFO Environment:627 - using JDK 1.4 java.sql.Timestamp handling
14:14:36,369  INFO Configuration:1460 - configuring from resource: /hibernate.cfg.xml
14:14:36,369  INFO Configuration:1437 - Configuration resource: /hibernate.cfg.xml
14:14:36,401  INFO Configuration:586 - Reading mappings from resource : edu/harvard/mcz/precapture/data/Inventory.hbm.xml
14:14:36,431  INFO HbmBinder:322 - Mapping class: edu.harvard.mcz.precapture.data.Inventory -> INVENTORY
14:14:36,436  INFO Configuration:586 - Reading mappings from resource : edu/harvard/mcz/precapture/data/UnitTrayLabel.hbm.xml
14:14:36,446  INFO HbmBinder:322 - Mapping class: edu.harvard.mcz.precapture.data.UnitTrayLabel -> UNIT_TRAY_LABEL
14:14:36,447  INFO Configuration:1575 - Configured SessionFactory: null
14:14:36,472  INFO DriverManagerConnectionProvider:64 - Using Hibernate built-in connection pool (not for production use!)
14:14:36,472  INFO DriverManagerConnectionProvider:65 - Hibernate connection pool size: 1
14:14:36,472  INFO DriverManagerConnectionProvider:68 - autocommit mode: false
14:14:36,475  INFO DriverManagerConnectionProvider:103 - using driver: org.h2.Driver at URL: jdbc:h2:./PRECAPTURE2;INIT=create schema IF NOT EXISTS precapture
14:14:36,475  INFO DriverManagerConnectionProvider:109 - connection properties: {password=****, user=sa}
14:14:36,645  INFO SettingsFactory:116 - RDBMS: H2, version: 1.4.200 (2019-10-14)
14:14:36,645  INFO SettingsFactory:117 - JDBC driver: H2 JDBC Driver, version: 1.4.200 (2019-10-14)
14:14:36,652  INFO Dialect:175 - Using dialect: org.hibernate.dialect.H2Dialect
14:14:36,654  INFO TransactionFactoryFactory:59 - Using default transaction strategy (direct JDBC transactions)
14:14:36,655  INFO TransactionManagerLookupFactory:80 - No TransactionManagerLookup configured (in JTA environment, use of read-write or transactional second-level cache is not recommended)
14:14:36,655  INFO SettingsFactory:170 - Automatic flush during beforeCompletion(): disabled
14:14:36,655  INFO SettingsFactory:174 - Automatic session close at end of transaction: disabled
14:14:36,656  INFO SettingsFactory:181 - JDBC batch size: 15
14:14:36,656  INFO SettingsFactory:184 - JDBC batch updates for versioned data: disabled
14:14:36,656  INFO SettingsFactory:189 - Scrollable result sets: enabled
14:14:36,656  INFO SettingsFactory:197 - JDBC3 getGeneratedKeys(): enabled
14:14:36,656  INFO SettingsFactory:205 - Connection release mode: auto
14:14:36,657  INFO SettingsFactory:223 - Default schema: PUBLIC
14:14:36,657  INFO SettingsFactory:232 - Default batch fetch size: 1
14:14:36,657  INFO SettingsFactory:236 - Generate SQL with comments: disabled
14:14:36,657  INFO SettingsFactory:240 - Order SQL updates by primary key: disabled
14:14:36,657  INFO SettingsFactory:244 - Order SQL inserts for batching: disabled
14:14:36,657  INFO SettingsFactory:420 - Query translator: org.hibernate.hql.ast.ASTQueryTranslatorFactory
14:14:36,658  INFO ASTQueryTranslatorFactory:47 - Using ASTQueryTranslatorFactory
14:14:36,658  INFO SettingsFactory:252 - Query language substitutions: {}
14:14:36,658  INFO SettingsFactory:257 - JPA-QL strict compliance: disabled
14:14:36,658  INFO SettingsFactory:262 - Second-level cache: enabled
14:14:36,658  INFO SettingsFactory:266 - Query cache: disabled
14:14:36,658  INFO SettingsFactory:405 - Cache region factory : org.hibernate.cache.impl.NoCachingRegionFactory
14:14:36,658  INFO SettingsFactory:276 - Optimize cache for minimal puts: disabled
14:14:36,659  INFO SettingsFactory:285 - Structured second-level cache entries: disabled
14:14:36,660  INFO SettingsFactory:305 - Echoing all SQL to stdout
14:14:36,660  INFO SettingsFactory:314 - Statistics: disabled
14:14:36,660  INFO SettingsFactory:318 - Deleted entity synthetic identifier rollback: disabled
14:14:36,660  INFO SettingsFactory:333 - Default entity-mode: pojo
14:14:36,660  INFO SettingsFactory:337 - Named query checking : enabled
14:14:41,718  INFO SessionFactoryImpl:187 - building session factory
14:14:41,768  INFO SessionFactoryObjectFactory:105 - Not binding factory to JNDI, no JNDI name configured
14:14:41,799 DEBUG InventoryLifeCycle:274 - counting Inventory records
14:14:41,862 DEBUG InventoryLifeCycle:281 - count successful, count= 0
14:14:41,862 DEBUG PreCaptureApp:180 - Inventory Records: 0
14:14:41,863 DEBUG UnitTrayLabelLifeCycle:510 - counting UnitTrayLabel records
14:14:41,865 DEBUG UnitTrayLabelLifeCycle:517 - find all successful, count= 5
14:14:41,865 DEBUG PreCaptureApp:183 - Unit Tray Label Records: 5
14:14:41,901 DEBUG MainMenu:148 - HS ULR: null
14:14:41,929 DEBUG UnitTrayLabelLifeCycle:542 - finding distinct families in UnitTrayLabel
14:14:41,934 DEBUG UnitTrayLabelLifeCycle:549 - find distinct families successful, result size: 2
14:14:41,953 DEBUG UnitTrayLabelLifeCycle:572 - finding distinct genera in UnitTrayLabel
14:14:41,955 DEBUG UnitTrayLabelLifeCycle:579 - find distinct families successful, result size: 2
14:14:41,961 DEBUG UnitTrayLabelComboBoxModel:51 - invoked UnitTrayLabelComboBoxModel()
14:14:41,963 DEBUG ContainerEntryPanel:167 - About to create model for taxon picker
14:14:41,963 DEBUG UnitTrayLabelLifeCycle:391 - finding all UnitTrayLabel start Fri Aug 14 14:14:41 CEST 2020
14:14:41,970 DEBUG UnitTrayLabelLifeCycle:399 - find all successful, result size: 5
14:14:41,970 DEBUG UnitTrayLabelLifeCycle:406 - finding all UnitTrayLabel end Fri Aug 14 14:14:41 CEST 2020
14:14:41,971 DEBUG UnitTrayLabelComboBoxModel:78 - invoked UnitTrayLabelComboBoxModel(list unit tray label
14:14:41,971 DEBUG ContainerEntryPanel:169 - Created model for taxon picker
14:14:41,974 DEBUG ContainerEntryPanel:189 - Iterating through field list
14:14:41,996 DEBUG InventoryLifeCycle:214 - finding all Inventory records
14:14:41,999 DEBUG InventoryLifeCycle:222 - find all successful, result size: 0
14:57:19,859 DEBUG PreCaptureProperties:98 - Opening properties file: /Users/timbernhard/Privat/Programming/OpenSource-Contributions/PreCapture_ETH/PreCapture.properties
14:57:20,114 DEBUG PreCaptureApp:291 - Loaded field mappings: ETHZ Entomology 1.0
14:57:20,132 DEBUG PreCaptureApp:135 - Available print format definitions:
14:57:20,132 DEBUG PreCaptureApp:143 - Full Sheet 8.5x11
14:57:20,132 DEBUG PreCaptureApp:143 - Two Half Sheets on 8.5x11
14:57:20,133 DEBUG PreCaptureApp:143 - Half Sheet 4.25x11 Custom
14:57:20,133 DEBUG PreCaptureApp:143 - Multiple 2.5x4 slips on 8.5x11
14:57:20,133 DEBUG PreCaptureApp:143 - Multiple 1.5x3 slips on 8.5x11
14:57:20,133 DEBUG PreCaptureApp:141 - Multiple 1.5x3 slips on 8.5x11 Larger *
14:57:20,133 DEBUG PreCaptureApp:143 - 2.3x4" Dymo LabelWriter
14:57:20,133 DEBUG PreCaptureApp:143 - 4x2.3"Label
14:57:20,177  INFO Environment:543 - Hibernate 3.3.1.GA
14:57:20,179  INFO Environment:576 - hibernate.properties not found
14:57:20,181  INFO Environment:709 - Bytecode provider name : javassist
14:57:20,185  INFO Environment:627 - using JDK 1.4 java.sql.Timestamp handling
14:57:20,211  INFO Configuration:1460 - configuring from resource: /hibernate.cfg.xml
14:57:20,211  INFO Configuration:1437 - Configuration resource: /hibernate.cfg.xml
14:57:20,246  INFO Configuration:586 - Reading mappings from resource : edu/harvard/mcz/precapture/data/Inventory.hbm.xml
14:57:20,279  INFO HbmBinder:322 - Mapping class: edu.harvard.mcz.precapture.data.Inventory -> INVENTORY
14:57:20,286  INFO Configuration:586 - Reading mappings from resource : edu/harvard/mcz/precapture/data/UnitTrayLabel.hbm.xml
14:57:20,298  INFO HbmBinder:322 - Mapping class: edu.harvard.mcz.precapture.data.UnitTrayLabel -> UNIT_TRAY_LABEL
14:57:20,299  INFO Configuration:1575 - Configured SessionFactory: null
14:57:20,327  INFO DriverManagerConnectionProvider:64 - Using Hibernate built-in connection pool (not for production use!)
14:57:20,327  INFO DriverManagerConnectionProvider:65 - Hibernate connection pool size: 1
14:57:20,327  INFO DriverManagerConnectionProvider:68 - autocommit mode: false
14:57:20,330  INFO DriverManagerConnectionProvider:103 - using driver: org.h2.Driver at URL: jdbc:h2:./PRECAPTURE2;INIT=create schema IF NOT EXISTS precapture
14:57:20,330  INFO DriverManagerConnectionProvider:109 - connection properties: {password=****, user=sa}
14:57:20,536  INFO SettingsFactory:116 - RDBMS: H2, version: 1.4.200 (2019-10-14)
14:57:20,537  INFO SettingsFactory:117 - JDBC driver: H2 JDBC Driver, version: 1.4.200 (2019-10-14)
14:57:20,548  INFO Dialect:175 - Using dialect: org.hibernate.dialect.H2Dialect
14:57:20,551  INFO TransactionFactoryFactory:59 - Using default transaction strategy (direct JDBC transactions)
14:57:20,551  INFO TransactionManagerLookupFactory:80 - No TransactionManagerLookup configured (in JTA environment, use of read-write or transactional second-level cache is not recommended)
14:57:20,552  INFO SettingsFactory:170 - Automatic flush during beforeCompletion(): disabled
14:57:20,552  INFO SettingsFactory:174 - Automatic session close at end of transaction: disabled
14:57:20,552  INFO SettingsFactory:181 - JDBC batch size: 15
14:57:20,552  INFO SettingsFactory:184 - JDBC batch updates for versioned data: disabled
14:57:20,552  INFO SettingsFactory:189 - Scrollable result sets: enabled
14:57:20,552  INFO SettingsFactory:197 - JDBC3 getGeneratedKeys(): enabled
14:57:20,552  INFO SettingsFactory:205 - Connection release mode: auto
14:57:20,553  INFO SettingsFactory:223 - Default schema: PUBLIC
14:57:20,553  INFO SettingsFactory:232 - Default batch fetch size: 1
14:57:20,553  INFO SettingsFactory:236 - Generate SQL with comments: disabled
14:57:20,553  INFO SettingsFactory:240 - Order SQL updates by primary key: disabled
14:57:20,553  INFO SettingsFactory:244 - Order SQL inserts for batching: disabled
14:57:20,553  INFO SettingsFactory:420 - Query translator: org.hibernate.hql.ast.ASTQueryTranslatorFactory
14:57:20,555  INFO ASTQueryTranslatorFactory:47 - Using ASTQueryTranslatorFactory
14:57:20,555  INFO SettingsFactory:252 - Query language substitutions: {}
14:57:20,555  INFO SettingsFactory:257 - JPA-QL strict compliance: disabled
14:57:20,555  INFO SettingsFactory:262 - Second-level cache: enabled
14:57:20,555  INFO SettingsFactory:266 - Query cache: disabled
14:57:20,555  INFO SettingsFactory:405 - Cache region factory : org.hibernate.cache.impl.NoCachingRegionFactory
14:57:20,555  INFO SettingsFactory:276 - Optimize cache for minimal puts: disabled
14:57:20,555  INFO SettingsFactory:285 - Structured second-level cache entries: disabled
14:57:20,557  INFO SettingsFactory:305 - Echoing all SQL to stdout
14:57:20,557  INFO SettingsFactory:314 - Statistics: disabled
14:57:20,557  INFO SettingsFactory:318 - Deleted entity synthetic identifier rollback: disabled
14:57:20,557  INFO SettingsFactory:333 - Default entity-mode: pojo
14:57:20,557  INFO SettingsFactory:337 - Named query checking : enabled
14:57:25,624  INFO SessionFactoryImpl:187 - building session factory
14:57:25,688  INFO SessionFactoryObjectFactory:105 - Not binding factory to JNDI, no JNDI name configured
14:57:25,723 DEBUG InventoryLifeCycle:274 - counting Inventory records
14:57:25,804 DEBUG InventoryLifeCycle:281 - count successful, count= 0
14:57:25,804 DEBUG PreCaptureApp:180 - Inventory Records: 0
14:57:25,805 DEBUG UnitTrayLabelLifeCycle:509 - counting UnitTrayLabel records
14:57:25,807 DEBUG UnitTrayLabelLifeCycle:516 - find all successful, count= 5
14:57:25,808 DEBUG PreCaptureApp:183 - Unit Tray Label Records: 5
14:57:25,850 DEBUG MainMenu:148 - HS ULR: null
14:57:25,883 DEBUG UnitTrayLabelLifeCycle:541 - finding distinct families in UnitTrayLabel
14:57:25,888 DEBUG UnitTrayLabelLifeCycle:548 - find distinct families successful, result size: 2
14:57:25,905 DEBUG UnitTrayLabelLifeCycle:571 - finding distinct genera in UnitTrayLabel
14:57:25,907 DEBUG UnitTrayLabelLifeCycle:578 - find distinct families successful, result size: 2
14:57:25,912 DEBUG UnitTrayLabelComboBoxModel:51 - invoked UnitTrayLabelComboBoxModel()
14:57:25,914 DEBUG ContainerEntryPanel:167 - About to create model for taxon picker
14:57:25,914 DEBUG UnitTrayLabelLifeCycle:390 - finding all UnitTrayLabel start Fri Aug 14 14:57:25 CEST 2020
14:57:25,922 DEBUG UnitTrayLabelLifeCycle:398 - find all successful, result size: 5
14:57:25,922 DEBUG UnitTrayLabelLifeCycle:405 - finding all UnitTrayLabel end Fri Aug 14 14:57:25 CEST 2020
14:57:25,922 DEBUG UnitTrayLabelComboBoxModel:78 - invoked UnitTrayLabelComboBoxModel(list unit tray label
14:57:25,923 DEBUG ContainerEntryPanel:169 - Created model for taxon picker
14:57:25,925 DEBUG ContainerEntryPanel:189 - Iterating through field list
14:57:25,946 DEBUG InventoryLifeCycle:214 - finding all Inventory records
14:57:25,949 DEBUG InventoryLifeCycle:222 - find all successful, result size: 0
14:57:38,554 DEBUG InventoryLifeCycle:244 - counting Inventory records
14:57:38,554 DEBUG InventoryLifeCycle:251 - count successful, count= 0
14:57:38,555 DEBUG UnitTrayLabelLifeCycle:480 - counting UnitTrayLabel records
14:57:38,555 DEBUG UnitTrayLabelLifeCycle:487 - find all successful, count= 5
14:57:38,557 DEBUG UnitTrayLabelLifeCycle:390 - finding all UnitTrayLabel start Fri Aug 14 14:57:38 CEST 2020
14:57:38,559 DEBUG UnitTrayLabelLifeCycle:398 - find all successful, result size: 5
14:57:38,559 DEBUG UnitTrayLabelLifeCycle:405 - finding all UnitTrayLabel end Fri Aug 14 14:57:38 CEST 2020
14:57:38,560  INFO SessionFactoryImpl:805 - closing
14:57:38,560  INFO DriverManagerConnectionProvider:170 - cleaning up connection pool: jdbc:h2:./PRECAPTURE2;INIT=create schema IF NOT EXISTS precapture
14:57:38,571 DEBUG PreCaptureApp:329 - Exiting.
14:58:51,713 DEBUG PreCaptureProperties:98 - Opening properties file: /Users/timbernhard/Privat/Programming/OpenSource-Contributions/PreCapture_ETH/PreCapture.properties
14:58:51,912 DEBUG PreCaptureApp:293 - Loaded field mappings: ETHZ Entomology 1.0
14:58:51,929 DEBUG PreCaptureApp:137 - Available print format definitions:
14:58:51,929 DEBUG PreCaptureApp:145 - Full Sheet 8.5x11
14:58:51,929 DEBUG PreCaptureApp:145 - Two Half Sheets on 8.5x11
14:58:51,929 DEBUG PreCaptureApp:145 - Half Sheet 4.25x11 Custom
14:58:51,929 DEBUG PreCaptureApp:145 - Multiple 2.5x4 slips on 8.5x11
14:58:51,929 DEBUG PreCaptureApp:145 - Multiple 1.5x3 slips on 8.5x11
14:58:51,929 DEBUG PreCaptureApp:143 - Multiple 1.5x3 slips on 8.5x11 Larger *
14:58:51,930 DEBUG PreCaptureApp:145 - 2.3x4" Dymo LabelWriter
14:58:51,930 DEBUG PreCaptureApp:145 - 4x2.3"Label
14:58:51,964  INFO Environment:543 - Hibernate 3.3.1.GA
14:58:51,966  INFO Environment:576 - hibernate.properties not found
14:58:51,968  INFO Environment:709 - Bytecode provider name : javassist
14:58:51,971  INFO Environment:627 - using JDK 1.4 java.sql.Timestamp handling
14:58:51,993  INFO Configuration:1460 - configuring from resource: /hibernate.cfg.xml
14:58:51,993  INFO Configuration:1437 - Configuration resource: /hibernate.cfg.xml
14:58:52,022  INFO Configuration:586 - Reading mappings from resource : edu/harvard/mcz/precapture/data/Inventory.hbm.xml
14:58:52,050  INFO HbmBinder:322 - Mapping class: edu.harvard.mcz.precapture.data.Inventory -> INVENTORY
14:58:52,054  INFO Configuration:586 - Reading mappings from resource : edu/harvard/mcz/precapture/data/UnitTrayLabel.hbm.xml
14:58:52,064  INFO HbmBinder:322 - Mapping class: edu.harvard.mcz.precapture.data.UnitTrayLabel -> UNIT_TRAY_LABEL
14:58:52,065  INFO Configuration:1575 - Configured SessionFactory: null
14:58:52,086  INFO DriverManagerConnectionProvider:64 - Using Hibernate built-in connection pool (not for production use!)
14:58:52,086  INFO DriverManagerConnectionProvider:65 - Hibernate connection pool size: 1
14:58:52,086  INFO DriverManagerConnectionProvider:68 - autocommit mode: false
14:58:52,088  INFO DriverManagerConnectionProvider:103 - using driver: org.h2.Driver at URL: jdbc:h2:./PRECAPTURE2;INIT=create schema IF NOT EXISTS precapture
14:58:52,088  INFO DriverManagerConnectionProvider:109 - connection properties: {password=****, user=sa}
14:58:52,260  INFO SettingsFactory:116 - RDBMS: H2, version: 1.4.200 (2019-10-14)
14:58:52,260  INFO SettingsFactory:117 - JDBC driver: H2 JDBC Driver, version: 1.4.200 (2019-10-14)
14:58:52,268  INFO Dialect:175 - Using dialect: org.hibernate.dialect.H2Dialect
14:58:52,270  INFO TransactionFactoryFactory:59 - Using default transaction strategy (direct JDBC transactions)
14:58:52,270  INFO TransactionManagerLookupFactory:80 - No TransactionManagerLookup configured (in JTA environment, use of read-write or transactional second-level cache is not recommended)
14:58:52,271  INFO SettingsFactory:170 - Automatic flush during beforeCompletion(): disabled
14:58:52,271  INFO SettingsFactory:174 - Automatic session close at end of transaction: disabled
14:58:52,271  INFO SettingsFactory:181 - JDBC batch size: 15
14:58:52,271  INFO SettingsFactory:184 - JDBC batch updates for versioned data: disabled
14:58:52,271  INFO SettingsFactory:189 - Scrollable result sets: enabled
14:58:52,271  INFO SettingsFactory:197 - JDBC3 getGeneratedKeys(): enabled
14:58:52,271  INFO SettingsFactory:205 - Connection release mode: auto
14:58:52,272  INFO SettingsFactory:223 - Default schema: PUBLIC
14:58:52,272  INFO SettingsFactory:232 - Default batch fetch size: 1
14:58:52,272  INFO SettingsFactory:236 - Generate SQL with comments: disabled
14:58:52,272  INFO SettingsFactory:240 - Order SQL updates by primary key: disabled
14:58:52,272  INFO SettingsFactory:244 - Order SQL inserts for batching: disabled
14:58:52,272  INFO SettingsFactory:420 - Query translator: org.hibernate.hql.ast.ASTQueryTranslatorFactory
14:58:52,273  INFO ASTQueryTranslatorFactory:47 - Using ASTQueryTranslatorFactory
14:58:52,273  INFO SettingsFactory:252 - Query language substitutions: {}
14:58:52,273  INFO SettingsFactory:257 - JPA-QL strict compliance: disabled
14:58:52,273  INFO SettingsFactory:262 - Second-level cache: enabled
14:58:52,273  INFO SettingsFactory:266 - Query cache: disabled
14:58:52,273  INFO SettingsFactory:405 - Cache region factory : org.hibernate.cache.impl.NoCachingRegionFactory
14:58:52,274  INFO SettingsFactory:276 - Optimize cache for minimal puts: disabled
14:58:52,274  INFO SettingsFactory:285 - Structured second-level cache entries: disabled
14:58:52,275  INFO SettingsFactory:305 - Echoing all SQL to stdout
14:58:52,275  INFO SettingsFactory:314 - Statistics: disabled
14:58:52,276  INFO SettingsFactory:318 - Deleted entity synthetic identifier rollback: disabled
14:58:52,276  INFO SettingsFactory:333 - Default entity-mode: pojo
14:58:52,276  INFO SettingsFactory:337 - Named query checking : enabled
14:58:57,337  INFO SessionFactoryImpl:187 - building session factory
14:58:57,387  INFO SessionFactoryObjectFactory:105 - Not binding factory to JNDI, no JNDI name configured
14:58:57,419 DEBUG InventoryLifeCycle:274 - counting Inventory records
14:58:57,482 DEBUG InventoryLifeCycle:281 - count successful, count= 0
14:58:57,482 DEBUG PreCaptureApp:182 - Inventory Records: 0
14:58:57,483 DEBUG UnitTrayLabelLifeCycle:509 - counting UnitTrayLabel records
14:58:57,485 DEBUG UnitTrayLabelLifeCycle:516 - find all successful, count= 5
14:58:57,486 DEBUG PreCaptureApp:185 - Unit Tray Label Records: 5
14:58:57,527 DEBUG MainMenu:148 - HS ULR: null
14:58:57,556 DEBUG UnitTrayLabelLifeCycle:541 - finding distinct families in UnitTrayLabel
14:58:57,561 DEBUG UnitTrayLabelLifeCycle:548 - find distinct families successful, result size: 2
14:58:57,580 DEBUG UnitTrayLabelLifeCycle:571 - finding distinct genera in UnitTrayLabel
14:58:57,583 DEBUG UnitTrayLabelLifeCycle:578 - find distinct families successful, result size: 2
14:58:57,588 DEBUG UnitTrayLabelComboBoxModel:51 - invoked UnitTrayLabelComboBoxModel()
14:58:57,590 DEBUG ContainerEntryPanel:167 - About to create model for taxon picker
14:58:57,590 DEBUG UnitTrayLabelLifeCycle:390 - finding all UnitTrayLabel start Fri Aug 14 14:58:57 CEST 2020
14:58:57,598 DEBUG UnitTrayLabelLifeCycle:398 - find all successful, result size: 5
14:58:57,599 DEBUG UnitTrayLabelLifeCycle:405 - finding all UnitTrayLabel end Fri Aug 14 14:58:57 CEST 2020
14:58:57,599 DEBUG UnitTrayLabelComboBoxModel:78 - invoked UnitTrayLabelComboBoxModel(list unit tray label
14:58:57,599 DEBUG ContainerEntryPanel:169 - Created model for taxon picker
14:58:57,602 DEBUG ContainerEntryPanel:189 - Iterating through field list
14:58:57,620 DEBUG InventoryLifeCycle:214 - finding all Inventory records
14:58:57,622 DEBUG InventoryLifeCycle:222 - find all successful, result size: 0
18:16:56,805 DEBUG PreCaptureProperties:123 - Opening properties file: /Users/timbernhard/Privat/Programming/OpenSource-Contributions/PreCapture_ETH/PreCapture.properties
18:16:57,018 DEBUG PreCaptureApp:287 - Loaded field mappings: ETHZ Entomology 1.0
18:16:57,036 DEBUG PreCaptureApp:131 - Available print format definitions:
18:16:57,036 DEBUG PreCaptureApp:139 - Full Sheet 8.5x11
18:16:57,036 DEBUG PreCaptureApp:139 - Two Half Sheets on 8.5x11
18:16:57,036 DEBUG PreCaptureApp:139 - Half Sheet 4.25x11 Custom
18:16:57,036 DEBUG PreCaptureApp:139 - Multiple 2.5x4 slips on 8.5x11
18:16:57,036 DEBUG PreCaptureApp:139 - Multiple 1.5x3 slips on 8.5x11
18:16:57,036 DEBUG PreCaptureApp:137 - Multiple 1.5x3 slips on 8.5x11 Larger *
18:16:57,037 DEBUG PreCaptureApp:139 - 2.3x4" Dymo LabelWriter
18:16:57,037 DEBUG PreCaptureApp:139 - 4x2.3"Label
18:16:57,071  INFO Environment:543 - Hibernate 3.3.1.GA
18:16:57,073  INFO Environment:576 - hibernate.properties not found
18:16:57,075  INFO Environment:709 - Bytecode provider name : javassist
18:16:57,078  INFO Environment:627 - using JDK 1.4 java.sql.Timestamp handling
18:16:57,097  INFO Configuration:1460 - configuring from resource: /hibernate.cfg.xml
18:16:57,098  INFO Configuration:1437 - Configuration resource: /hibernate.cfg.xml
18:16:57,125  INFO Configuration:586 - Reading mappings from resource : edu/harvard/mcz/precapture/data/Inventory.hbm.xml
18:16:57,155  INFO HbmBinder:322 - Mapping class: edu.harvard.mcz.precapture.data.Inventory -> INVENTORY
18:16:57,160  INFO Configuration:586 - Reading mappings from resource : edu/harvard/mcz/precapture/data/UnitTrayLabel.hbm.xml
18:16:57,171  INFO HbmBinder:322 - Mapping class: edu.harvard.mcz.precapture.data.UnitTrayLabel -> UNIT_TRAY_LABEL
18:16:57,172  INFO Configuration:1575 - Configured SessionFactory: null
18:16:57,193  INFO DriverManagerConnectionProvider:64 - Using Hibernate built-in connection pool (not for production use!)
18:16:57,193  INFO DriverManagerConnectionProvider:65 - Hibernate connection pool size: 1
18:16:57,193  INFO DriverManagerConnectionProvider:68 - autocommit mode: false
18:16:57,195  INFO DriverManagerConnectionProvider:103 - using driver: org.h2.Driver at URL: jdbc:h2:./PRECAPTURE2;INIT=create schema IF NOT EXISTS precapture
18:16:57,196  INFO DriverManagerConnectionProvider:109 - connection properties: {password=****, user=sa}
18:16:57,360  INFO SettingsFactory:116 - RDBMS: H2, version: 1.4.200 (2019-10-14)
18:16:57,360  INFO SettingsFactory:117 - JDBC driver: H2 JDBC Driver, version: 1.4.200 (2019-10-14)
18:16:57,370  INFO Dialect:175 - Using dialect: org.hibernate.dialect.H2Dialect
18:16:57,373  INFO TransactionFactoryFactory:59 - Using default transaction strategy (direct JDBC transactions)
18:16:57,374  INFO TransactionManagerLookupFactory:80 - No TransactionManagerLookup configured (in JTA environment, use of read-write or transactional second-level cache is not recommended)
18:16:57,375  INFO SettingsFactory:170 - Automatic flush during beforeCompletion(): disabled
18:16:57,375  INFO SettingsFactory:174 - Automatic session close at end of transaction: disabled
18:16:57,375  INFO SettingsFactory:181 - JDBC batch size: 15
18:16:57,375  INFO SettingsFactory:184 - JDBC batch updates for versioned data: disabled
18:16:57,375  INFO SettingsFactory:189 - Scrollable result sets: enabled
18:16:57,375  INFO SettingsFactory:197 - JDBC3 getGeneratedKeys(): enabled
18:16:57,376  INFO SettingsFactory:205 - Connection release mode: auto
18:16:57,376  INFO SettingsFactory:223 - Default schema: PUBLIC
18:16:57,376  INFO SettingsFactory:232 - Default batch fetch size: 1
18:16:57,376  INFO SettingsFactory:236 - Generate SQL with comments: disabled
18:16:57,376  INFO SettingsFactory:240 - Order SQL updates by primary key: disabled
18:16:57,376  INFO SettingsFactory:244 - Order SQL inserts for batching: disabled
18:16:57,376  INFO SettingsFactory:420 - Query translator: org.hibernate.hql.ast.ASTQueryTranslatorFactory
18:16:57,377  INFO ASTQueryTranslatorFactory:47 - Using ASTQueryTranslatorFactory
18:16:57,377  INFO SettingsFactory:252 - Query language substitutions: {}
18:16:57,377  INFO SettingsFactory:257 - JPA-QL strict compliance: disabled
18:16:57,377  INFO SettingsFactory:262 - Second-level cache: enabled
18:16:57,377  INFO SettingsFactory:266 - Query cache: disabled
18:16:57,377  INFO SettingsFactory:405 - Cache region factory : org.hibernate.cache.impl.NoCachingRegionFactory
18:16:57,377  INFO SettingsFactory:276 - Optimize cache for minimal puts: disabled
18:16:57,378  INFO SettingsFactory:285 - Structured second-level cache entries: disabled
18:16:57,379  INFO SettingsFactory:305 - Echoing all SQL to stdout
18:16:57,379  INFO SettingsFactory:314 - Statistics: disabled
18:16:57,379  INFO SettingsFactory:318 - Deleted entity synthetic identifier rollback: disabled
18:16:57,379  INFO SettingsFactory:333 - Default entity-mode: pojo
18:16:57,379  INFO SettingsFactory:337 - Named query checking : enabled
18:17:02,444  INFO SessionFactoryImpl:187 - building session factory
18:17:02,498  INFO SessionFactoryObjectFactory:105 - Not binding factory to JNDI, no JNDI name configured
18:17:02,531 DEBUG InventoryLifeCycle:346 - counting Inventory records
18:17:02,600 DEBUG InventoryLifeCycle:353 - count successful, count= 0
18:17:02,600 DEBUG PreCaptureApp:176 - Inventory Records: 0
18:17:02,601 DEBUG UnitTrayLabelLifeCycle:525 - counting UnitTrayLabel records
18:17:02,604 DEBUG UnitTrayLabelLifeCycle:532 - find all successful, count= 5
18:17:02,604 DEBUG PreCaptureApp:179 - Unit Tray Label Records: 5
18:17:02,639 DEBUG MainMenu:140 - HS ULR: null
18:17:02,672 DEBUG UnitTrayLabelLifeCycle:559 - finding distinct families in UnitTrayLabel
18:17:02,677 DEBUG UnitTrayLabelLifeCycle:566 - find distinct families successful, result size: 2
18:17:02,698 DEBUG UnitTrayLabelLifeCycle:592 - finding distinct genera in UnitTrayLabel
18:17:02,701 DEBUG UnitTrayLabelLifeCycle:599 - find distinct families successful, result size: 2
18:17:02,706 DEBUG UnitTrayLabelComboBoxModel:49 - invoked UnitTrayLabelComboBoxModel()
18:17:02,708 DEBUG ContainerEntryPanel:308 - About to create model for taxon picker
18:17:02,708 DEBUG UnitTrayLabelLifeCycle:394 - finding all UnitTrayLabel start Fri Aug 14 18:17:02 CEST 2020
18:17:02,717 DEBUG UnitTrayLabelLifeCycle:402 - find all successful, result size: 5
18:17:02,717 DEBUG UnitTrayLabelLifeCycle:412 - finding all UnitTrayLabel end Fri Aug 14 18:17:02 CEST 2020
18:17:02,717 DEBUG UnitTrayLabelComboBoxModel:77 - invoked UnitTrayLabelComboBoxModel(list unit tray label
18:17:02,718 DEBUG ContainerEntryPanel:310 - Created model for taxon picker
18:17:02,720 DEBUG ContainerEntryPanel:330 - Iterating through field list
18:17:02,740 DEBUG InventoryLifeCycle:280 - finding all Inventory records
18:17:02,742 DEBUG InventoryLifeCycle:288 - find all successful, result size: 0
18:21:44,085 DEBUG PreCaptureProperties:123 - Opening properties file: /Users/timbernhard/Privat/Programming/OpenSource-Contributions/PreCapture_ETH/PreCapture.properties
18:21:44,261 DEBUG PreCaptureApp:287 - Loaded field mappings: ETHZ Entomology 1.0
18:21:44,281 DEBUG PreCaptureApp:131 - Available print format definitions:
18:21:44,281 DEBUG PreCaptureApp:139 - Full Sheet 8.5x11
18:21:44,281 DEBUG PreCaptureApp:139 - Two Half Sheets on 8.5x11
18:21:44,281 DEBUG PreCaptureApp:139 - Half Sheet 4.25x11 Custom
18:21:44,281 DEBUG PreCaptureApp:139 - Multiple 2.5x4 slips on 8.5x11
18:21:44,281 DEBUG PreCaptureApp:139 - Multiple 1.5x3 slips on 8.5x11
18:21:44,281 DEBUG PreCaptureApp:137 - Multiple 1.5x3 slips on 8.5x11 Larger *
18:21:44,281 DEBUG PreCaptureApp:139 - 2.3x4" Dymo LabelWriter
18:21:44,281 DEBUG PreCaptureApp:139 - 4x2.3"Label
18:21:44,318  INFO Environment:543 - Hibernate 3.3.1.GA
18:21:44,319  INFO Environment:576 - hibernate.properties not found
18:21:44,321  INFO Environment:709 - Bytecode provider name : javassist
18:21:44,325  INFO Environment:627 - using JDK 1.4 java.sql.Timestamp handling
18:21:44,344  INFO Configuration:1460 - configuring from resource: /hibernate.cfg.xml
18:21:44,344  INFO Configuration:1437 - Configuration resource: /hibernate.cfg.xml
18:21:44,371  INFO Configuration:586 - Reading mappings from resource : edu/harvard/mcz/precapture/data/Inventory.hbm.xml
18:21:44,402  INFO HbmBinder:322 - Mapping class: edu.harvard.mcz.precapture.data.Inventory -> INVENTORY
18:21:44,407  INFO Configuration:586 - Reading mappings from resource : edu/harvard/mcz/precapture/data/UnitTrayLabel.hbm.xml
18:21:44,417  INFO HbmBinder:322 - Mapping class: edu.harvard.mcz.precapture.data.UnitTrayLabel -> UNIT_TRAY_LABEL
18:21:44,418  INFO Configuration:1575 - Configured SessionFactory: null
18:21:44,442  INFO DriverManagerConnectionProvider:64 - Using Hibernate built-in connection pool (not for production use!)
18:21:44,443  INFO DriverManagerConnectionProvider:65 - Hibernate connection pool size: 1
18:21:44,443  INFO DriverManagerConnectionProvider:68 - autocommit mode: false
18:21:44,445  INFO DriverManagerConnectionProvider:103 - using driver: org.h2.Driver at URL: jdbc:h2:./PRECAPTURE2;INIT=create schema IF NOT EXISTS precapture
18:21:44,445  INFO DriverManagerConnectionProvider:109 - connection properties: {password=****, user=sa}
18:21:44,605  INFO SettingsFactory:116 - RDBMS: H2, version: 1.4.200 (2019-10-14)
18:21:44,605  INFO SettingsFactory:117 - JDBC driver: H2 JDBC Driver, version: 1.4.200 (2019-10-14)
18:21:44,612  INFO Dialect:175 - Using dialect: org.hibernate.dialect.H2Dialect
18:21:44,614  INFO TransactionFactoryFactory:59 - Using default transaction strategy (direct JDBC transactions)
18:21:44,615  INFO TransactionManagerLookupFactory:80 - No TransactionManagerLookup configured (in JTA environment, use of read-write or transactional second-level cache is not recommended)
18:21:44,615  INFO SettingsFactory:170 - Automatic flush during beforeCompletion(): disabled
18:21:44,615  INFO SettingsFactory:174 - Automatic session close at end of transaction: disabled
18:21:44,615  INFO SettingsFactory:181 - JDBC batch size: 15
18:21:44,615  INFO SettingsFactory:184 - JDBC batch updates for versioned data: disabled
18:21:44,616  INFO SettingsFactory:189 - Scrollable result sets: enabled
18:21:44,616  INFO SettingsFactory:197 - JDBC3 getGeneratedKeys(): enabled
18:21:44,616  INFO SettingsFactory:205 - Connection release mode: auto
18:21:44,616  INFO SettingsFactory:223 - Default schema: PUBLIC
18:21:44,617  INFO SettingsFactory:232 - Default batch fetch size: 1
18:21:44,617  INFO SettingsFactory:236 - Generate SQL with comments: disabled
18:21:44,617  INFO SettingsFactory:240 - Order SQL updates by primary key: disabled
18:21:44,617  INFO SettingsFactory:244 - Order SQL inserts for batching: disabled
18:21:44,617  INFO SettingsFactory:420 - Query translator: org.hibernate.hql.ast.ASTQueryTranslatorFactory
18:21:44,618  INFO ASTQueryTranslatorFactory:47 - Using ASTQueryTranslatorFactory
18:21:44,618  INFO SettingsFactory:252 - Query language substitutions: {}
18:21:44,618  INFO SettingsFactory:257 - JPA-QL strict compliance: disabled
18:21:44,618  INFO SettingsFactory:262 - Second-level cache: enabled
18:21:44,618  INFO SettingsFactory:266 - Query cache: disabled
18:21:44,618  INFO SettingsFactory:405 - Cache region factory : org.hibernate.cache.impl.NoCachingRegionFactory
18:21:44,618  INFO SettingsFactory:276 - Optimize cache for minimal puts: disabled
18:21:44,619  INFO SettingsFactory:285 - Structured second-level cache entries: disabled
18:21:44,620  INFO SettingsFactory:305 - Echoing all SQL to stdout
18:21:44,620  INFO SettingsFactory:314 - Statistics: disabled
18:21:44,620  INFO SettingsFactory:318 - Deleted entity synthetic identifier rollback: disabled
18:21:44,620  INFO SettingsFactory:333 - Default entity-mode: pojo
18:21:44,620  INFO SettingsFactory:337 - Named query checking : enabled
18:21:49,666  INFO SessionFactoryImpl:187 - building session factory
18:21:49,716  INFO SessionFactoryObjectFactory:105 - Not binding factory to JNDI, no JNDI name configured
18:21:49,747 DEBUG InventoryLifeCycle:346 - counting Inventory records
18:21:49,809 DEBUG InventoryLifeCycle:353 - count successful, count= 0
18:21:49,809 DEBUG PreCaptureApp:176 - Inventory Records: 0
18:21:49,810 DEBUG UnitTrayLabelLifeCycle:525 - counting UnitTrayLabel records
18:21:49,813 DEBUG UnitTrayLabelLifeCycle:532 - find all successful, count= 5
18:21:49,813 DEBUG PreCaptureApp:179 - Unit Tray Label Records: 5
18:21:49,847 DEBUG MainMenu:140 - HS ULR: null
18:21:49,874 DEBUG UnitTrayLabelLifeCycle:559 - finding distinct families in UnitTrayLabel
18:21:49,879 DEBUG UnitTrayLabelLifeCycle:566 - find distinct families successful, result size: 2
18:21:49,895 DEBUG UnitTrayLabelLifeCycle:592 - finding distinct genera in UnitTrayLabel
18:21:49,897 DEBUG UnitTrayLabelLifeCycle:599 - find distinct families successful, result size: 2
18:21:49,901 DEBUG UnitTrayLabelComboBoxModel:49 - invoked UnitTrayLabelComboBoxModel()
18:21:49,903 DEBUG ContainerEntryPanel:308 - About to create model for taxon picker
18:21:49,903 DEBUG UnitTrayLabelLifeCycle:394 - finding all UnitTrayLabel start Fri Aug 14 18:21:49 CEST 2020
18:21:49,911 DEBUG UnitTrayLabelLifeCycle:402 - find all successful, result size: 5
18:21:49,911 DEBUG UnitTrayLabelLifeCycle:412 - finding all UnitTrayLabel end Fri Aug 14 18:21:49 CEST 2020
18:21:49,911 DEBUG UnitTrayLabelComboBoxModel:77 - invoked UnitTrayLabelComboBoxModel(list unit tray label
18:21:49,912 DEBUG ContainerEntryPanel:310 - Created model for taxon picker
18:21:49,914 DEBUG ContainerEntryPanel:330 - Iterating through field list
18:21:49,934 DEBUG InventoryLifeCycle:280 - finding all Inventory records
18:21:49,936 DEBUG InventoryLifeCycle:288 - find all successful, result size: 0
18:23:24,347 DEBUG UnitTrayLabelLifeCycle:356 - finding UnitTrayLabel instance by example
18:23:24,355 DEBUG UnitTrayLabelLifeCycle:371 - find by example successful, result size: 5
18:23:24,355 DEBUG UnitTrayLabelComboBoxModel:62 - invoked UnitTrayLabelComboBoxModel(list unit tray label
18:23:24,355 DEBUG ContainerEntryPanel:318 - comboBoxChanged
18:23:24,356 DEBUG UnitTrayLabelLifeCycle:356 - finding UnitTrayLabel instance by example
18:23:24,357 DEBUG UnitTrayLabelLifeCycle:371 - find by example successful, result size: 5
18:23:24,358 DEBUG UnitTrayLabelComboBoxModel:62 - invoked UnitTrayLabelComboBoxModel(list unit tray label
18:23:29,059 DEBUG FilteringJComboBox:177 - java.awt.event.FocusEvent[FOCUS_LOST,permanent,opposite=javax.swing.JComboBox[,283,36,347x24,layout=javax.swing.plaf.metal.MetalComboBoxUI$MetalComboBoxLayoutManager,alignmentX=0.0,alignmentY=0.0,border=,flags=328,maximumSize=,minimumSize=,preferredSize=,isEditable=false,lightWeightPopupEnabled=true,maximumRowCount=8,selectedItemReminder=Dahlica],cause=UNKNOWN] on javax.swing.plaf.metal.MetalComboBoxEditor$1[,0,0,456x24,layout=javax.swing.plaf.basic.BasicTextUI$UpdateHandler,alignmentX=0.0,alignmentY=0.0,border=javax.swing.plaf.metal.MetalComboBoxEditor$EditorBorder@523e0290,flags=8388904,maximumSize=,minimumSize=,preferredSize=,caretColor=sun.swing.PrintColorUIResource[r=51,g=51,b=51],disabledTextColor=javax.swing.plaf.ColorUIResource[r=184,g=207,b=229],editable=true,margin=javax.swing.plaf.InsetsUIResource[top=0,left=0,bottom=0,right=0],selectedTextColor=sun.swing.PrintColorUIResource[r=51,g=51,b=51],selectionColor=javax.swing.plaf.ColorUIResource[r=184,g=207,b=229],columns=9,columnWidth=12,command=,horizontalAlignment=LEADING]
18:23:29,744 DEBUG UnitTrayLabelLifeCycle:394 - finding all UnitTrayLabel start Fri Aug 14 18:23:29 CEST 2020
18:23:29,751 DEBUG UnitTrayLabelLifeCycle:402 - find all successful, result size: 5
18:23:29,751 DEBUG UnitTrayLabelLifeCycle:412 - finding all UnitTrayLabel end Fri Aug 14 18:23:29 CEST 2020
18:23:29,751 DEBUG UnitTrayLabelComboBoxModel:62 - invoked UnitTrayLabelComboBoxModel(list unit tray label
18:23:36,010 DEBUG FilteringJComboBox:177 - java.awt.event.FocusEvent[FOCUS_LOST,temporary,opposite=null,cause=ACTIVATION] on javax.swing.plaf.metal.MetalComboBoxEditor$1[,0,0,456x24,layout=javax.swing.plaf.basic.BasicTextUI$UpdateHandler,alignmentX=0.0,alignmentY=0.0,border=javax.swing.plaf.metal.MetalComboBoxEditor$EditorBorder@523e0290,flags=8388904,maximumSize=,minimumSize=,preferredSize=,caretColor=sun.swing.PrintColorUIResource[r=51,g=51,b=51],disabledTextColor=javax.swing.plaf.ColorUIResource[r=184,g=207,b=229],editable=true,margin=javax.swing.plaf.InsetsUIResource[top=0,left=0,bottom=0,right=0],selectedTextColor=sun.swing.PrintColorUIResource[r=51,g=51,b=51],selectionColor=javax.swing.plaf.ColorUIResource[r=184,g=207,b=229],columns=9,columnWidth=12,command=,horizontalAlignment=LEADING]
18:24:17,521 DEBUG PreCaptureProperties:123 - Opening properties file: /Users/timbernhard/Privat/Programming/OpenSource-Contributions/PreCapture_ETH/PreCapture.properties
18:24:17,712 DEBUG PreCaptureApp:287 - Loaded field mappings: ETHZ Entomology 1.0
18:24:17,729 DEBUG PreCaptureApp:131 - Available print format definitions:
18:24:17,729 DEBUG PreCaptureApp:139 - Full Sheet 8.5x11
18:24:17,729 DEBUG PreCaptureApp:139 - Two Half Sheets on 8.5x11
18:24:17,730 DEBUG PreCaptureApp:139 - Half Sheet 4.25x11 Custom
18:24:17,730 DEBUG PreCaptureApp:139 - Multiple 2.5x4 slips on 8.5x11
18:24:17,730 DEBUG PreCaptureApp:139 - Multiple 1.5x3 slips on 8.5x11
18:24:17,730 DEBUG PreCaptureApp:137 - Multiple 1.5x3 slips on 8.5x11 Larger *
18:24:17,730 DEBUG PreCaptureApp:139 - 2.3x4" Dymo LabelWriter
18:24:17,730 DEBUG PreCaptureApp:139 - 4x2.3"Label
18:24:17,769  INFO Environment:543 - Hibernate 3.3.1.GA
18:24:17,771  INFO Environment:576 - hibernate.properties not found
18:24:17,773  INFO Environment:709 - Bytecode provider name : javassist
18:24:17,777  INFO Environment:627 - using JDK 1.4 java.sql.Timestamp handling
18:24:17,799  INFO Configuration:1460 - configuring from resource: /hibernate.cfg.xml
18:24:17,799  INFO Configuration:1437 - Configuration resource: /hibernate.cfg.xml
18:24:17,831  INFO Configuration:586 - Reading mappings from resource : edu/harvard/mcz/precapture/data/Inventory.hbm.xml
18:24:17,863  INFO HbmBinder:322 - Mapping class: edu.harvard.mcz.precapture.data.Inventory -> INVENTORY
18:24:17,867  INFO Configuration:586 - Reading mappings from resource : edu/harvard/mcz/precapture/data/UnitTrayLabel.hbm.xml
18:24:17,878  INFO HbmBinder:322 - Mapping class: edu.harvard.mcz.precapture.data.UnitTrayLabel -> UNIT_TRAY_LABEL
18:24:17,879  INFO Configuration:1575 - Configured SessionFactory: null
18:24:17,900  INFO DriverManagerConnectionProvider:64 - Using Hibernate built-in connection pool (not for production use!)
18:24:17,900  INFO DriverManagerConnectionProvider:65 - Hibernate connection pool size: 1
18:24:17,900  INFO DriverManagerConnectionProvider:68 - autocommit mode: false
18:24:17,902  INFO DriverManagerConnectionProvider:103 - using driver: org.h2.Driver at URL: jdbc:h2:./PRECAPTURE2;INIT=create schema IF NOT EXISTS precapture
18:24:17,902  INFO DriverManagerConnectionProvider:109 - connection properties: {password=****, user=sa}
18:24:18,069  INFO SettingsFactory:116 - RDBMS: H2, version: 1.4.200 (2019-10-14)
18:24:18,069  INFO SettingsFactory:117 - JDBC driver: H2 JDBC Driver, version: 1.4.200 (2019-10-14)
18:24:18,076  INFO Dialect:175 - Using dialect: org.hibernate.dialect.H2Dialect
18:24:18,078  INFO TransactionFactoryFactory:59 - Using default transaction strategy (direct JDBC transactions)
18:24:18,079  INFO TransactionManagerLookupFactory:80 - No TransactionManagerLookup configured (in JTA environment, use of read-write or transactional second-level cache is not recommended)
18:24:18,079  INFO SettingsFactory:170 - Automatic flush during beforeCompletion(): disabled
18:24:18,079  INFO SettingsFactory:174 - Automatic session close at end of transaction: disabled
18:24:18,079  INFO SettingsFactory:181 - JDBC batch size: 15
18:24:18,079  INFO SettingsFactory:184 - JDBC batch updates for versioned data: disabled
18:24:18,079  INFO SettingsFactory:189 - Scrollable result sets: enabled
18:24:18,079  INFO SettingsFactory:197 - JDBC3 getGeneratedKeys(): enabled
18:24:18,079  INFO SettingsFactory:205 - Connection release mode: auto
18:24:18,080  INFO SettingsFactory:223 - Default schema: PUBLIC
18:24:18,080  INFO SettingsFactory:232 - Default batch fetch size: 1
18:24:18,080  INFO SettingsFactory:236 - Generate SQL with comments: disabled
18:24:18,080  INFO SettingsFactory:240 - Order SQL updates by primary key: disabled
18:24:18,080  INFO SettingsFactory:244 - Order SQL inserts for batching: disabled
18:24:18,080  INFO SettingsFactory:420 - Query translator: org.hibernate.hql.ast.ASTQueryTranslatorFactory
18:24:18,081  INFO ASTQueryTranslatorFactory:47 - Using ASTQueryTranslatorFactory
18:24:18,081  INFO SettingsFactory:252 - Query language substitutions: {}
18:24:18,081  INFO SettingsFactory:257 - JPA-QL strict compliance: disabled
18:24:18,081  INFO SettingsFactory:262 - Second-level cache: enabled
18:24:18,081  INFO SettingsFactory:266 - Query cache: disabled
18:24:18,081  INFO SettingsFactory:405 - Cache region factory : org.hibernate.cache.impl.NoCachingRegionFactory
18:24:18,081  INFO SettingsFactory:276 - Optimize cache for minimal puts: disabled
18:24:18,081  INFO SettingsFactory:285 - Structured second-level cache entries: disabled
18:24:18,083  INFO SettingsFactory:305 - Echoing all SQL to stdout
18:24:18,083  INFO SettingsFactory:314 - Statistics: disabled
18:24:18,083  INFO SettingsFactory:318 - Deleted entity synthetic identifier rollback: disabled
18:24:18,084  INFO SettingsFactory:333 - Default entity-mode: pojo
18:24:18,084  INFO SettingsFactory:337 - Named query checking : enabled
18:24:23,154  INFO SessionFactoryImpl:187 - building session factory
18:24:23,208  INFO SessionFactoryObjectFactory:105 - Not binding factory to JNDI, no JNDI name configured
18:24:23,241 DEBUG InventoryLifeCycle:346 - counting Inventory records
18:24:23,312 DEBUG InventoryLifeCycle:353 - count successful, count= 0
18:24:23,312 DEBUG PreCaptureApp:176 - Inventory Records: 0
18:24:23,313 DEBUG UnitTrayLabelLifeCycle:525 - counting UnitTrayLabel records
18:24:23,316 DEBUG UnitTrayLabelLifeCycle:532 - find all successful, count= 5
18:24:23,316 DEBUG PreCaptureApp:179 - Unit Tray Label Records: 5
18:24:23,358 DEBUG MainMenu:140 - HS ULR: null
18:24:23,392 DEBUG UnitTrayLabelLifeCycle:559 - finding distinct families in UnitTrayLabel
18:24:23,398 DEBUG UnitTrayLabelLifeCycle:566 - find distinct families successful, result size: 2
18:24:23,421 DEBUG UnitTrayLabelLifeCycle:592 - finding distinct genera in UnitTrayLabel
18:24:23,424 DEBUG UnitTrayLabelLifeCycle:599 - find distinct families successful, result size: 2
18:24:23,429 DEBUG UnitTrayLabelComboBoxModel:49 - invoked UnitTrayLabelComboBoxModel()
18:24:23,431 DEBUG ContainerEntryPanel:308 - About to create model for taxon picker
18:24:23,431 DEBUG UnitTrayLabelLifeCycle:394 - finding all UnitTrayLabel start Fri Aug 14 18:24:23 CEST 2020
18:24:23,440 DEBUG UnitTrayLabelLifeCycle:402 - find all successful, result size: 5
18:24:23,440 DEBUG UnitTrayLabelLifeCycle:412 - finding all UnitTrayLabel end Fri Aug 14 18:24:23 CEST 2020
18:24:23,441 DEBUG UnitTrayLabelComboBoxModel:77 - invoked UnitTrayLabelComboBoxModel(list unit tray label
18:24:23,441 DEBUG ContainerEntryPanel:310 - Created model for taxon picker
18:24:23,444 DEBUG ContainerEntryPanel:330 - Iterating through field list
18:24:23,469 DEBUG InventoryLifeCycle:280 - finding all Inventory records
18:24:23,471 DEBUG InventoryLifeCycle:288 - find all successful, result size: 0
18:24:42,920 DEBUG UnitTrayLabelLifeCycle:356 - finding UnitTrayLabel instance by example
18:24:42,926 DEBUG UnitTrayLabelLifeCycle:371 - find by example successful, result size: 5
18:24:42,926 DEBUG UnitTrayLabelComboBoxModel:62 - invoked UnitTrayLabelComboBoxModel(list unit tray label
18:24:42,927 DEBUG ContainerEntryPanel:318 - comboBoxChanged
18:24:42,927 DEBUG UnitTrayLabelLifeCycle:356 - finding UnitTrayLabel instance by example
18:24:42,929 DEBUG UnitTrayLabelLifeCycle:371 - find by example successful, result size: 5
18:24:42,929 DEBUG UnitTrayLabelComboBoxModel:62 - invoked UnitTrayLabelComboBoxModel(list unit tray label
18:24:44,157 DEBUG UnitTrayLabelLifeCycle:356 - finding UnitTrayLabel instance by example
18:24:44,164 DEBUG UnitTrayLabelLifeCycle:371 - find by example successful, result size: 5
18:24:44,164 DEBUG UnitTrayLabelComboBoxModel:62 - invoked UnitTrayLabelComboBoxModel(list unit tray label
18:24:44,164 DEBUG ContainerEntryPanel:318 - comboBoxChanged
18:24:44,165 DEBUG UnitTrayLabelLifeCycle:356 - finding UnitTrayLabel instance by example
18:24:44,166 DEBUG UnitTrayLabelLifeCycle:371 - find by example successful, result size: 5
18:24:44,166 DEBUG UnitTrayLabelComboBoxModel:62 - invoked UnitTrayLabelComboBoxModel(list unit tray label
18:24:46,376 DEBUG ContainerEntryPanel:318 - comboBoxChanged
18:24:46,377 DEBUG ContainerEntryPanel:462 - dwc:family
18:24:46,377 DEBUG ContainerEntryPanel:462 - hTaxon:subfamily
18:24:46,377 DEBUG ContainerEntryPanel:462 - hTaxon:tribe
18:24:46,377 DEBUG ContainerEntryPanel:462 - dwc:genus
18:24:46,378 DEBUG ContainerEntryPanel:462 - dwc:specificEpithet
18:24:46,378 DEBUG ContainerEntryPanel:462 - abcd:SubspeciesEpithet
18:24:46,378 DEBUG ContainerEntryPanel:462 - hispid:isprk
18:24:46,378 DEBUG ContainerEntryPanel:462 - dwc:infraspecificEpithet
18:24:46,378 DEBUG ContainerEntryPanel:462 - dwc:scientificNameAuthorship
18:24:46,379 DEBUG ContainerEntryPanel:462 - abcd:PreviousUnit/Owner
18:24:46,379 DEBUG ContainerEntryPanel:462 - dwc:identifiedBy
18:24:46,379 DEBUG ContainerEntryPanel:462 - dwc:sex
18:24:48,576 DEBUG FilteringJComboBox:177 - java.awt.event.FocusEvent[FOCUS_LOST,permanent,opposite=javax.swing.JTextField[,152,298,480x19,layout=javax.swing.plaf.basic.BasicTextUI$UpdateHandler,alignmentX=0.0,alignmentY=0.0,border=javax.swing.plaf.BorderUIResource$CompoundBorderUIResource@1f4e6767,flags=296,maximumSize=,minimumSize=,preferredSize=,caretColor=sun.swing.PrintColorUIResource[r=51,g=51,b=51],disabledTextColor=javax.swing.plaf.ColorUIResource[r=184,g=207,b=229],editable=true,margin=javax.swing.plaf.InsetsUIResource[top=0,left=0,bottom=0,right=0],selectedTextColor=sun.swing.PrintColorUIResource[r=51,g=51,b=51],selectionColor=javax.swing.plaf.ColorUIResource[r=184,g=207,b=229],columns=10,columnWidth=11,command=,horizontalAlignment=LEADING],cause=UNKNOWN] on javax.swing.plaf.metal.MetalComboBoxEditor$1[,0,0,460x24,layout=javax.swing.plaf.basic.BasicTextUI$UpdateHandler,alignmentX=0.0,alignmentY=0.0,border=javax.swing.plaf.metal.MetalComboBoxEditor$EditorBorder@c0aa646,flags=8388904,maximumSize=,minimumSize=,preferredSize=,caretColor=sun.swing.PrintColorUIResource[r=51,g=51,b=51],disabledTextColor=javax.swing.plaf.ColorUIResource[r=184,g=207,b=229],editable=true,margin=javax.swing.plaf.InsetsUIResource[top=0,left=0,bottom=0,right=0],selectedTextColor=sun.swing.PrintColorUIResource[r=51,g=51,b=51],selectionColor=javax.swing.plaf.ColorUIResource[r=184,g=207,b=229],columns=9,columnWidth=12,command=,horizontalAlignment=LEADING]
18:24:54,961 DEBUG LabelEncoder:98 - Invoked printList 
18:24:54,961 DEBUG LabelEncoder:120 - Multiple 1.5x3 slips on 8.5x11 Larger
18:24:54,961 DEBUG LabelEncoder:121 - HORIZONTAL
18:24:55,069 DEBUG LabelEncoder:140 - relWidthTextCell = 2.96
18:24:55,069 DEBUG LabelEncoder:141 - relWidthBarcodeCell = 2.0
18:24:55,081 DEBUG LabelEncoder:345 - Table Width Percent = 85.62092
18:24:55,081 DEBUG LabelEncoder:360 - Width:524.0
18:24:55,082 DEBUG LabelEncoder:214 - Width of barcode cell in points: 87.0
18:24:55,082 DEBUG LabelEncoder:223 - Labels per column = 6
18:24:55,082 DEBUG LabelEncoder:224 - Cells per page = 24
18:24:55,082 DEBUG LabelEncoder:237 - Psychidae Naryciinae Dahlica lichenella (Heinemann, 1879) Worker 
18:24:55,082 DEBUG LabelEncoder:238 - Label: 0 Psychidae Naryciinae Dahlica lichenella (Heinemann, 1879) Worker 
18:24:55,082 DEBUG LabelEncoder:243 - Copy 1 of 1
18:24:55,084 DEBUG ContainerLabel:243 - 0
18:24:55,084 DEBUG ContainerLabel:258 - Psychidae
18:24:55,089 DEBUG ContainerLabel:294 - :
18:24:55,089 DEBUG ContainerLabel:243 - 1
18:24:55,089 DEBUG ContainerLabel:258 - Naryciinae
18:24:55,089 DEBUG ContainerLabel:294 - :
18:24:55,090 DEBUG ContainerLabel:243 - 2
18:24:55,090 DEBUG ContainerLabel:258 - 
18:24:55,090 DEBUG ContainerLabel:243 - 3
18:24:55,090 DEBUG ContainerLabel:246 - Psychidae:: Naryciinae: 
18:24:55,091 DEBUG ContainerLabel:258 - Dahlica
18:24:55,091 DEBUG ContainerLabel:294 - null
18:24:55,091 DEBUG ContainerLabel:243 - 4
18:24:55,091 DEBUG ContainerLabel:258 - lichenella
18:24:55,091 DEBUG ContainerLabel:294 - null
18:24:55,091 DEBUG ContainerLabel:243 - 5
18:24:55,092 DEBUG ContainerLabel:258 - 
18:24:55,092 DEBUG ContainerLabel:243 - 6
18:24:55,092 DEBUG ContainerLabel:258 - 
18:24:55,092 DEBUG ContainerLabel:243 - 7
18:24:55,092 DEBUG ContainerLabel:258 - 
18:24:55,092 DEBUG ContainerLabel:243 - 8
18:24:55,092 DEBUG ContainerLabel:246 - Dahlica lichenella 
18:24:55,093 DEBUG ContainerLabel:258 - (Heinemann, 1879)
18:24:55,093 DEBUG ContainerLabel:294 - null
18:24:55,093 DEBUG ContainerLabel:243 - 9
18:24:55,093 DEBUG ContainerLabel:246 - (Heinemann, 1879) 
18:24:55,093 DEBUG ContainerLabel:258 - 
18:24:55,093 DEBUG ContainerLabel:243 - 10
18:24:55,093 DEBUG ContainerLabel:258 - 
18:24:55,093 DEBUG ContainerLabel:243 - 11
18:24:55,094 DEBUG ContainerLabel:258 - Worker
18:24:55,094 DEBUG ContainerLabel:294 - null
18:24:55,094 DEBUG ContainerLabel:305 - Worker 
18:24:55,105 DEBUG LabelEncoder:274 - Cells 2 of 24 cells per page.
18:24:55,105 DEBUG LabelEncoder:296 - Adding remaining cells in partial page
18:24:55,153 DEBUG LabelEncoder:304 - Table has 4 columns and 6 rows 
18:24:55,682 DEBUG PrintingUtility:109 - Number of matching printing services =  2
18:24:55,682 DEBUG PrintingUtility:131 - Available printing services 2
18:24:55,685 DEBUG PrintingUtility:133 - Brother HL-3150CDW series
18:24:56,012 DEBUG PrintingUtility:133 - Canon MG7500 series
18:25:03,371 DEBUG PrintingUtility:141 - Printing to Brother HL-3150CDW series
18:25:03,399 DEBUG LabelEncoder:332 - printList Done. Success = true
18:28:59,676 DEBUG PreCaptureProperties:123 - Opening properties file: /Users/timbernhard/Privat/Programming/OpenSource-Contributions/PreCapture_ETH/PreCapture.properties
18:28:59,857 DEBUG PreCaptureApp:287 - Loaded field mappings: ETHZ Entomology 1.0
18:28:59,876 DEBUG PreCaptureApp:131 - Available print format definitions:
18:28:59,877 DEBUG PreCaptureApp:139 - Full Sheet 8.5x11
18:28:59,877 DEBUG PreCaptureApp:139 - Two Half Sheets on 8.5x11
18:28:59,877 DEBUG PreCaptureApp:139 - Half Sheet 4.25x11 Custom
18:28:59,877 DEBUG PreCaptureApp:139 - Multiple 2.5x4 slips on 8.5x11
18:28:59,877 DEBUG PreCaptureApp:139 - Multiple 1.5x3 slips on 8.5x11
18:28:59,877 DEBUG PreCaptureApp:137 - Multiple 1.5x3 slips on 8.5x11 Larger *
18:28:59,877 DEBUG PreCaptureApp:139 - 2.3x4" Dymo LabelWriter
18:28:59,877 DEBUG PreCaptureApp:139 - 4x2.3"Label
18:28:59,914  INFO Environment:543 - Hibernate 3.3.1.GA
18:28:59,916  INFO Environment:576 - hibernate.properties not found
18:28:59,917  INFO Environment:709 - Bytecode provider name : javassist
18:28:59,921  INFO Environment:627 - using JDK 1.4 java.sql.Timestamp handling
18:28:59,940  INFO Configuration:1460 - configuring from resource: /hibernate.cfg.xml
18:28:59,941  INFO Configuration:1437 - Configuration resource: /hibernate.cfg.xml
18:28:59,969  INFO Configuration:586 - Reading mappings from resource : edu/harvard/mcz/precapture/data/Inventory.hbm.xml
18:28:59,998  INFO HbmBinder:322 - Mapping class: edu.harvard.mcz.precapture.data.Inventory -> INVENTORY
18:29:00,003  INFO Configuration:586 - Reading mappings from resource : edu/harvard/mcz/precapture/data/UnitTrayLabel.hbm.xml
18:29:00,014  INFO HbmBinder:322 - Mapping class: edu.harvard.mcz.precapture.data.UnitTrayLabel -> UNIT_TRAY_LABEL
18:29:00,015  INFO Configuration:1575 - Configured SessionFactory: null
18:29:00,038  INFO DriverManagerConnectionProvider:64 - Using Hibernate built-in connection pool (not for production use!)
18:29:00,038  INFO DriverManagerConnectionProvider:65 - Hibernate connection pool size: 1
18:29:00,038  INFO DriverManagerConnectionProvider:68 - autocommit mode: false
18:29:00,040  INFO DriverManagerConnectionProvider:103 - using driver: org.h2.Driver at URL: jdbc:h2:./PRECAPTURE2;INIT=create schema IF NOT EXISTS precapture
18:29:00,040  INFO DriverManagerConnectionProvider:109 - connection properties: {password=****, user=sa}
18:29:00,202  INFO SettingsFactory:116 - RDBMS: H2, version: 1.4.200 (2019-10-14)
18:29:00,202  INFO SettingsFactory:117 - JDBC driver: H2 JDBC Driver, version: 1.4.200 (2019-10-14)
18:29:00,212  INFO Dialect:175 - Using dialect: org.hibernate.dialect.H2Dialect
18:29:00,215  INFO TransactionFactoryFactory:59 - Using default transaction strategy (direct JDBC transactions)
18:29:00,216  INFO TransactionManagerLookupFactory:80 - No TransactionManagerLookup configured (in JTA environment, use of read-write or transactional second-level cache is not recommended)
18:29:00,216  INFO SettingsFactory:170 - Automatic flush during beforeCompletion(): disabled
18:29:00,216  INFO SettingsFactory:174 - Automatic session close at end of transaction: disabled
18:29:00,216  INFO SettingsFactory:181 - JDBC batch size: 15
18:29:00,216  INFO SettingsFactory:184 - JDBC batch updates for versioned data: disabled
18:29:00,217  INFO SettingsFactory:189 - Scrollable result sets: enabled
18:29:00,217  INFO SettingsFactory:197 - JDBC3 getGeneratedKeys(): enabled
18:29:00,217  INFO SettingsFactory:205 - Connection release mode: auto
18:29:00,217  INFO SettingsFactory:223 - Default schema: PUBLIC
18:29:00,217  INFO SettingsFactory:232 - Default batch fetch size: 1
18:29:00,217  INFO SettingsFactory:236 - Generate SQL with comments: disabled
18:29:00,218  INFO SettingsFactory:240 - Order SQL updates by primary key: disabled
18:29:00,218  INFO SettingsFactory:244 - Order SQL inserts for batching: disabled
18:29:00,218  INFO SettingsFactory:420 - Query translator: org.hibernate.hql.ast.ASTQueryTranslatorFactory
18:29:00,218  INFO ASTQueryTranslatorFactory:47 - Using ASTQueryTranslatorFactory
18:29:00,219  INFO SettingsFactory:252 - Query language substitutions: {}
18:29:00,219  INFO SettingsFactory:257 - JPA-QL strict compliance: disabled
18:29:00,219  INFO SettingsFactory:262 - Second-level cache: enabled
18:29:00,219  INFO SettingsFactory:266 - Query cache: disabled
18:29:00,219  INFO SettingsFactory:405 - Cache region factory : org.hibernate.cache.impl.NoCachingRegionFactory
18:29:00,219  INFO SettingsFactory:276 - Optimize cache for minimal puts: disabled
18:29:00,219  INFO SettingsFactory:285 - Structured second-level cache entries: disabled
18:29:00,221  INFO SettingsFactory:305 - Echoing all SQL to stdout
18:29:00,221  INFO SettingsFactory:314 - Statistics: disabled
18:29:00,221  INFO SettingsFactory:318 - Deleted entity synthetic identifier rollback: disabled
18:29:00,221  INFO SettingsFactory:333 - Default entity-mode: pojo
18:29:00,221  INFO SettingsFactory:337 - Named query checking : enabled
18:29:05,280  INFO SessionFactoryImpl:187 - building session factory
18:29:05,333  INFO SessionFactoryObjectFactory:105 - Not binding factory to JNDI, no JNDI name configured
18:29:05,365 DEBUG InventoryLifeCycle:346 - counting Inventory records
18:29:05,434 DEBUG InventoryLifeCycle:353 - count successful, count= 0
18:29:05,434 DEBUG PreCaptureApp:176 - Inventory Records: 0
18:29:05,435 DEBUG UnitTrayLabelLifeCycle:525 - counting UnitTrayLabel records
18:29:05,439 DEBUG UnitTrayLabelLifeCycle:532 - find all successful, count= 5
18:29:05,439 DEBUG PreCaptureApp:179 - Unit Tray Label Records: 5
18:29:05,474 DEBUG MainMenu:140 - HS ULR: null
18:29:05,503 DEBUG UnitTrayLabelLifeCycle:559 - finding distinct families in UnitTrayLabel
18:29:05,508 DEBUG UnitTrayLabelLifeCycle:566 - find distinct families successful, result size: 2
18:29:05,524 DEBUG UnitTrayLabelLifeCycle:592 - finding distinct genera in UnitTrayLabel
18:29:05,527 DEBUG UnitTrayLabelLifeCycle:599 - find distinct families successful, result size: 2
18:29:05,532 DEBUG UnitTrayLabelComboBoxModel:49 - invoked UnitTrayLabelComboBoxModel()
18:29:05,534 DEBUG ContainerEntryPanel:308 - About to create model for taxon picker
18:29:05,534 DEBUG UnitTrayLabelLifeCycle:394 - finding all UnitTrayLabel start Fri Aug 14 18:29:05 CEST 2020
18:29:05,542 DEBUG UnitTrayLabelLifeCycle:402 - find all successful, result size: 5
18:29:05,542 DEBUG UnitTrayLabelLifeCycle:412 - finding all UnitTrayLabel end Fri Aug 14 18:29:05 CEST 2020
18:29:05,543 DEBUG UnitTrayLabelComboBoxModel:77 - invoked UnitTrayLabelComboBoxModel(list unit tray label
18:29:05,543 DEBUG ContainerEntryPanel:310 - Created model for taxon picker
18:29:05,546 DEBUG ContainerEntryPanel:330 - Iterating through field list
18:29:05,567 DEBUG InventoryLifeCycle:280 - finding all Inventory records
18:29:05,570 DEBUG InventoryLifeCycle:288 - find all successful, result size: 0
18:29:44,128 DEBUG PreCaptureProperties:123 - Opening properties file: /Users/timbernhard/Privat/Programming/OpenSource-Contributions/PreCapture_ETH/PreCapture.properties
18:29:44,269 DEBUG TestLabelEncoder:103 - Loaded field mappings: Test 1
18:29:45,471 DEBUG TestLabelEncoder:151 - BYTE_SEGMENTS [[B@3e0e1046]
18:29:45,472 DEBUG TestLabelEncoder:151 - ERROR_CORRECTION_LEVEL H
18:29:45,498 DEBUG TestLabelEncoder:185 - {"m1p":"[Test]","m2v":"1","g":"","s":"","ir":"","i":"","sn":"","a":"","st":"","ct":"","cl":"","sr":"","cc":""}
18:29:45,509 DEBUG TestLabelEncoder:189 - {"m1p":"[Test]","m2v":"1","g":"?","s":"?","ir":"?","i":"?","sn":"?","a":"?","st":"?","ct":"?","cl":"?","sr":"?","cc":"?"}
18:29:45,543 DEBUG TestContainerLabel:64 - "m1p":"[]","m2v":null
18:29:45,545 DEBUG TestContainerLabel:88 - {"m1p":"[]","m2v":null}
18:29:45,546 DEBUG TestContainerLabel:104 - {"m1p":"[]","m2v":null,"a":"Agassiz"}
18:29:45,546 DEBUG TestContainerLabel:109 - {"m1p":"[]","m2v":null,"a":"Test\"Quoted\"Bit"}
18:29:45,549 DEBUG TestContainerLabel:114 - {"m1p":"[]","m2v":null,"a":"Test\"Quoted\"Bit"}
18:29:45,550 DEBUG TestContainerLabel:115 - null
18:29:45,550 DEBUG TestContainerLabel:117 - Test"Quoted"Bit
18:29:45,552 DEBUG TestContainerLabel:139 - {"m1p":"[]","m2v":null,"a":"Agassiz","g":"Silurus"}
18:32:01,289 DEBUG PreCaptureProperties:123 - Opening properties file: /Users/timbernhard/Privat/Programming/OpenSource-Contributions/PreCapture_ETH/PreCapture.properties
18:32:01,476 DEBUG PreCaptureApp:287 - Loaded field mappings: ETHZ Entomology 1.0
18:32:01,495 DEBUG PreCaptureApp:131 - Available print format definitions:
18:32:01,495 DEBUG PreCaptureApp:139 - Full Sheet 8.5x11
18:32:01,496 DEBUG PreCaptureApp:139 - Two Half Sheets on 8.5x11
18:32:01,496 DEBUG PreCaptureApp:139 - Half Sheet 4.25x11 Custom
18:32:01,496 DEBUG PreCaptureApp:139 - Multiple 2.5x4 slips on 8.5x11
18:32:01,496 DEBUG PreCaptureApp:139 - Multiple 1.5x3 slips on 8.5x11
18:32:01,496 DEBUG PreCaptureApp:137 - Multiple 1.5x3 slips on 8.5x11 Larger *
18:32:01,496 DEBUG PreCaptureApp:139 - 2.3x4" Dymo LabelWriter
18:32:01,497 DEBUG PreCaptureApp:139 - 4x2.3"Label
18:32:01,532  INFO Environment:543 - Hibernate 3.3.1.GA
18:32:01,534  INFO Environment:576 - hibernate.properties not found
18:32:01,535  INFO Environment:709 - Bytecode provider name : javassist
18:32:01,539  INFO Environment:627 - using JDK 1.4 java.sql.Timestamp handling
18:32:01,557  INFO Configuration:1460 - configuring from resource: /hibernate.cfg.xml
18:32:01,557  INFO Configuration:1437 - Configuration resource: /hibernate.cfg.xml
18:32:01,586  INFO Configuration:586 - Reading mappings from resource : edu/harvard/mcz/precapture/data/Inventory.hbm.xml
18:32:01,616  INFO HbmBinder:322 - Mapping class: edu.harvard.mcz.precapture.data.Inventory -> INVENTORY
18:32:01,620  INFO Configuration:586 - Reading mappings from resource : edu/harvard/mcz/precapture/data/UnitTrayLabel.hbm.xml
18:32:01,631  INFO HbmBinder:322 - Mapping class: edu.harvard.mcz.precapture.data.UnitTrayLabel -> UNIT_TRAY_LABEL
18:32:01,632  INFO Configuration:1575 - Configured SessionFactory: null
18:32:01,655  INFO DriverManagerConnectionProvider:64 - Using Hibernate built-in connection pool (not for production use!)
18:32:01,655  INFO DriverManagerConnectionProvider:65 - Hibernate connection pool size: 1
18:32:01,655  INFO DriverManagerConnectionProvider:68 - autocommit mode: false
18:32:01,657  INFO DriverManagerConnectionProvider:103 - using driver: org.h2.Driver at URL: jdbc:h2:./PRECAPTURE2;INIT=create schema IF NOT EXISTS precapture
18:32:01,658  INFO DriverManagerConnectionProvider:109 - connection properties: {password=****, user=sa}
18:32:01,822  INFO SettingsFactory:116 - RDBMS: H2, version: 1.4.200 (2019-10-14)
18:32:01,823  INFO SettingsFactory:117 - JDBC driver: H2 JDBC Driver, version: 1.4.200 (2019-10-14)
18:32:01,830  INFO Dialect:175 - Using dialect: org.hibernate.dialect.H2Dialect
18:32:01,832  INFO TransactionFactoryFactory:59 - Using default transaction strategy (direct JDBC transactions)
18:32:01,832  INFO TransactionManagerLookupFactory:80 - No TransactionManagerLookup configured (in JTA environment, use of read-write or transactional second-level cache is not recommended)
18:32:01,833  INFO SettingsFactory:170 - Automatic flush during beforeCompletion(): disabled
18:32:01,833  INFO SettingsFactory:174 - Automatic session close at end of transaction: disabled
18:32:01,833  INFO SettingsFactory:181 - JDBC batch size: 15
18:32:01,833  INFO SettingsFactory:184 - JDBC batch updates for versioned data: disabled
18:32:01,833  INFO SettingsFactory:189 - Scrollable result sets: enabled
18:32:01,833  INFO SettingsFactory:197 - JDBC3 getGeneratedKeys(): enabled
18:32:01,833  INFO SettingsFactory:205 - Connection release mode: auto
18:32:01,834  INFO SettingsFactory:223 - Default schema: PUBLIC
18:32:01,834  INFO SettingsFactory:232 - Default batch fetch size: 1
18:32:01,834  INFO SettingsFactory:236 - Generate SQL with comments: disabled
18:32:01,834  INFO SettingsFactory:240 - Order SQL updates by primary key: disabled
18:32:01,834  INFO SettingsFactory:244 - Order SQL inserts for batching: disabled
18:32:01,835  INFO SettingsFactory:420 - Query translator: org.hibernate.hql.ast.ASTQueryTranslatorFactory
18:32:01,835  INFO ASTQueryTranslatorFactory:47 - Using ASTQueryTranslatorFactory
18:32:01,835  INFO SettingsFactory:252 - Query language substitutions: {}
18:32:01,835  INFO SettingsFactory:257 - JPA-QL strict compliance: disabled
18:32:01,836  INFO SettingsFactory:262 - Second-level cache: enabled
18:32:01,836  INFO SettingsFactory:266 - Query cache: disabled
18:32:01,836  INFO SettingsFactory:405 - Cache region factory : org.hibernate.cache.impl.NoCachingRegionFactory
18:32:01,836  INFO SettingsFactory:276 - Optimize cache for minimal puts: disabled
18:32:01,836  INFO SettingsFactory:285 - Structured second-level cache entries: disabled
18:32:01,837  INFO SettingsFactory:305 - Echoing all SQL to stdout
18:32:01,838  INFO SettingsFactory:314 - Statistics: disabled
18:32:01,838  INFO SettingsFactory:318 - Deleted entity synthetic identifier rollback: disabled
18:32:01,838  INFO SettingsFactory:333 - Default entity-mode: pojo
18:32:01,838  INFO SettingsFactory:337 - Named query checking : enabled
18:32:11,107 DEBUG PreCaptureProperties:123 - Opening properties file: /Users/timbernhard/Privat/Programming/OpenSource-Contributions/PreCapture_ETH/PreCapture.properties
18:32:11,237 DEBUG TestLabelEncoder:103 - Loaded field mappings: Test 1
18:32:12,459 DEBUG TestLabelEncoder:151 - BYTE_SEGMENTS [[B@3e0e1046]
18:32:12,460 DEBUG TestLabelEncoder:151 - ERROR_CORRECTION_LEVEL H
18:32:12,486 DEBUG TestLabelEncoder:185 - {"m1p":"[Test]","m2v":"1","g":"","s":"","ir":"","i":"","sn":"","a":"","st":"","ct":"","cl":"","sr":"","cc":""}
18:32:12,496 DEBUG TestLabelEncoder:189 - {"m1p":"[Test]","m2v":"1","g":"?","s":"?","ir":"?","i":"?","sn":"?","a":"?","st":"?","ct":"?","cl":"?","sr":"?","cc":"?"}
18:32:12,522 ERROR TestLabelEncoder:194 - Should: '?' is: ''
18:32:12,522 DEBUG TestLabelEncoder:196 -  = ?
18:32:12,526 DEBUG TestContainerLabel:64 - "m1p":"[]","m2v":null
18:32:12,527 DEBUG TestContainerLabel:88 - {"m1p":"[]","m2v":null}
18:32:12,529 DEBUG TestContainerLabel:104 - {"m1p":"[]","m2v":null,"a":"Agassiz"}
18:32:12,529 DEBUG TestContainerLabel:109 - {"m1p":"[]","m2v":null,"a":"Test\"Quoted\"Bit"}
18:32:12,531 DEBUG TestContainerLabel:114 - {"m1p":"[]","m2v":null,"a":"Test\"Quoted\"Bit"}
18:32:12,532 DEBUG TestContainerLabel:115 - null
18:32:12,532 DEBUG TestContainerLabel:117 - Test"Quoted"Bit
18:32:12,534 DEBUG TestContainerLabel:139 - {"m1p":"[]","m2v":null,"a":"Agassiz","g":"Silurus"}
18:33:41,653 DEBUG PreCaptureProperties:123 - Opening properties file: /Users/timbernhard/Privat/Programming/OpenSource-Contributions/PreCapture_ETH/PreCapture.properties
18:33:41,791 DEBUG TestLabelEncoder:103 - Loaded field mappings: Test 1
18:33:43,036 DEBUG TestLabelEncoder:151 - BYTE_SEGMENTS [[B@3e0e1046]
18:33:43,037 DEBUG TestLabelEncoder:151 - ERROR_CORRECTION_LEVEL H
18:33:43,062 DEBUG TestLabelEncoder:185 - {"m1p":"[Test]","m2v":"1","g":"","s":"","ir":"","i":"","sn":"","a":"","st":"","ct":"","cl":"","sr":"","cc":""}
18:33:43,075 DEBUG TestLabelEncoder:189 - {"m1p":"[Test]","m2v":"1","g":"","s":"","ir":"","i":"","sn":"","a":"","st":"","ct":"","cl":"","sr":"","cc":""}
18:33:43,099 ERROR TestLabelEncoder:194 - Should: '' is: ''
18:33:43,099 DEBUG TestLabelEncoder:196 -  = 
18:33:43,117 DEBUG TestLabelEncoder:234 - {"m1p":"[Test]","m2v":"1","g":"0","s":"1","ir":"2","i":"3","sn":"4","a":"5","st":"6","ct":"7","cl":"8","sr":"9","cc":"10"}
18:33:43,118 DEBUG TestLabelEncoder:235 - initial bytes=144
18:33:43,126 DEBUG TestLabelEncoder:241 - decoded bytes=133
18:33:43,127 DEBUG TestLabelEncoder:234 - {"m1p":"[Test]","m2v":"1","g":"00","s":"10","ir":"20","i":"30","sn":"40","a":"50","st":"60","ct":"70","cl":"80","sr":"90","cc":"100"}
18:33:43,128 DEBUG TestLabelEncoder:235 - initial bytes=155
18:33:43,136 DEBUG TestLabelEncoder:241 - decoded bytes=144
18:33:43,137 DEBUG TestLabelEncoder:234 - {"m1p":"[Test]","m2v":"1","g":"001","s":"101","ir":"201","i":"301","sn":"401","a":"501","st":"601","ct":"701","cl":"801","sr":"901","cc":"1001"}
18:33:43,137 DEBUG TestLabelEncoder:235 - initial bytes=166
18:33:43,143 DEBUG TestLabelEncoder:241 - decoded bytes=155
18:33:43,145 DEBUG TestLabelEncoder:234 - {"m1p":"[Test]","m2v":"1","g":"0012","s":"1012","ir":"2012","i":"3012","sn":"4012","a":"5012","st":"6012","ct":"7012","cl":"8012","sr":"9012","cc":"10012"}
18:33:43,145 DEBUG TestLabelEncoder:235 - initial bytes=177
18:33:43,151 DEBUG TestLabelEncoder:241 - decoded bytes=166
18:33:43,152 DEBUG TestLabelEncoder:234 - {"m1p":"[Test]","m2v":"1","g":"00123","s":"10123","ir":"20123","i":"30123","sn":"40123","a":"50123","st":"60123","ct":"70123","cl":"80123","sr":"90123","cc":"100123"}
18:33:43,152 DEBUG TestLabelEncoder:235 - initial bytes=188
18:33:43,158 DEBUG TestLabelEncoder:241 - decoded bytes=177
18:33:43,159 DEBUG TestLabelEncoder:234 - {"m1p":"[Test]","m2v":"1","g":"001234","s":"101234","ir":"201234","i":"301234","sn":"401234","a":"501234","st":"601234","ct":"701234","cl":"801234","sr":"901234","cc":"1001234"}
18:33:43,160 DEBUG TestLabelEncoder:235 - initial bytes=199
18:33:43,165 DEBUG TestLabelEncoder:241 - decoded bytes=188
18:33:43,166 DEBUG TestLabelEncoder:234 - {"m1p":"[Test]","m2v":"1","g":"0012345","s":"1012345","ir":"2012345","i":"3012345","sn":"4012345","a":"5012345","st":"6012345","ct":"7012345","cl":"8012345","sr":"9012345","cc":"10012345"}
18:33:43,167 DEBUG TestLabelEncoder:235 - initial bytes=210
18:33:43,172 DEBUG TestLabelEncoder:241 - decoded bytes=199
18:33:43,173 DEBUG TestLabelEncoder:234 - {"m1p":"[Test]","m2v":"1","g":"00123456","s":"10123456","ir":"20123456","i":"30123456","sn":"40123456","a":"50123456","st":"60123456","ct":"70123456","cl":"80123456","sr":"90123456","cc":"100123456"}
18:33:43,174 DEBUG TestLabelEncoder:235 - initial bytes=221
18:33:43,180 DEBUG TestLabelEncoder:241 - decoded bytes=210
18:33:43,181 DEBUG TestLabelEncoder:234 - {"m1p":"[Test]","m2v":"1","g":"001234567","s":"101234567","ir":"201234567","i":"301234567","sn":"401234567","a":"501234567","st":"601234567","ct":"701234567","cl":"801234567","sr":"901234567","cc":"1001234567"}
18:33:43,181 DEBUG TestLabelEncoder:235 - initial bytes=232
18:33:43,186 DEBUG TestLabelEncoder:241 - decoded bytes=221
18:33:43,187 DEBUG TestLabelEncoder:234 - {"m1p":"[Test]","m2v":"1","g":"0012345678","s":"1012345678","ir":"2012345678","i":"3012345678","sn":"4012345678","a":"5012345678","st":"6012345678","ct":"7012345678","cl":"8012345678","sr":"9012345678","cc":"10012345678"}
18:33:43,187 DEBUG TestLabelEncoder:235 - initial bytes=243
18:33:43,193 DEBUG TestLabelEncoder:241 - decoded bytes=232
18:33:43,194 DEBUG TestLabelEncoder:234 - {"m1p":"[Test]","m2v":"1","g":"00123456789","s":"10123456789","ir":"20123456789","i":"30123456789","sn":"40123456789","a":"50123456789","st":"60123456789","ct":"70123456789","cl":"80123456789","sr":"90123456789","cc":"100123456789"}
18:33:43,194 DEBUG TestLabelEncoder:235 - initial bytes=254
18:33:43,200 DEBUG TestLabelEncoder:241 - decoded bytes=243
18:33:43,201 DEBUG TestLabelEncoder:234 - {"m1p":"[Test]","m2v":"1","g":"0012345678910","s":"1012345678910","ir":"2012345678910","i":"3012345678910","sn":"4012345678910","a":"5012345678910","st":"6012345678910","ct":"7012345678910","cl":"8012345678910","sr":"9012345678910","cc":"10012345678910"}
18:33:43,201 DEBUG TestLabelEncoder:235 - initial bytes=276
18:33:43,207 DEBUG TestLabelEncoder:241 - decoded bytes=265
18:33:43,209 DEBUG TestContainerLabel:64 - "m1p":"[]","m2v":null
18:33:43,211 DEBUG TestContainerLabel:88 - {"m1p":"[]","m2v":null}
18:33:43,213 DEBUG TestContainerLabel:104 - {"m1p":"[]","m2v":null,"a":"Agassiz"}
18:33:43,213 DEBUG TestContainerLabel:109 - {"m1p":"[]","m2v":null,"a":"Test\"Quoted\"Bit"}
18:33:43,216 DEBUG TestContainerLabel:114 - {"m1p":"[]","m2v":null,"a":"Test\"Quoted\"Bit"}
18:33:43,216 DEBUG TestContainerLabel:115 - null
18:33:43,216 DEBUG TestContainerLabel:117 - Test"Quoted"Bit
18:33:43,218 DEBUG TestContainerLabel:139 - {"m1p":"[]","m2v":null,"a":"Agassiz","g":"Silurus"}
